Problema #1
A valoracao-verdade satisfaz o conjunto.

Problema #2
A valoracao-verdade satisfaz a proposicao.

Problema #3
A valoracao-verdade satisfaz a proposicao.

Problema #4
A valoracao-verdade nao satisfaz a proposicao.

Problema #5
A valoracao-verdade nao satisfaz o conjunto.

Problema #6
A valoracao-verdade nao satisfaz a proposicao.

Problema #7
A valoracao-verdade nao satisfaz a proposicao.

Problema #8
A valoracao-verdade nao satisfaz a proposicao.

Problema #9
A valoracao-verdade nao satisfaz a proposicao.

Problema #10
A valoracao-verdade nao satisfaz a proposicao.

Problema #11
A valoracao-verdade nao satisfaz a proposicao.

Problema #12
A valoracao-verdade nao satisfaz o conjunto.

Problema #13
A valoracao-verdade nao satisfaz o conjunto.

Problema #14
A valoracao-verdade nao satisfaz a proposicao.

Problema #15
A valoracao-verdade satisfaz o conjunto.

Problema #16
A valoracao-verdade satisfaz a proposicao.

Problema #17
A valoracao-verdade nao satisfaz o conjunto.

Problema #18
A valoracao-verdade satisfaz a proposicao.

Problema #19
A valoracao-verdade satisfaz a proposicao.

Problema #20
A valoracao-verdade satisfaz a proposicao.

Problema #21
A valoracao-verdade satisfaz a proposicao.

Problema #22
A valoracao-verdade satisfaz a proposicao.

Problema #23
A valoracao-verdade nao satisfaz a proposicao.

Problema #24
A valoracao-verdade satisfaz a proposicao.

Problema #25
A valoracao-verdade nao satisfaz a proposicao.

Problema #26
A valoracao-verdade nao satisfaz o conjunto.

Problema #27
A valoracao-verdade nao satisfaz o conjunto.

Problema #28
A valoracao-verdade nao satisfaz o conjunto.

Problema #29
A valoracao-verdade nao satisfaz o conjunto.

Problema #30
A valoracao-verdade satisfaz a proposicao.

Problema #31
A valoracao-verdade nao satisfaz o conjunto.

Problema #32
A valoracao-verdade nao satisfaz a proposicao.

Problema #33
A valoracao-verdade satisfaz a proposicao.

Problema #34
A valoracao-verdade satisfaz a proposicao.

Problema #35
A valoracao-verdade nao satisfaz o conjunto.

Problema #36
A valoracao-verdade satisfaz o conjunto.

Problema #37
A valoracao-verdade nao satisfaz o conjunto.

Problema #38
A valoracao-verdade satisfaz a proposicao.

Problema #39
A valoracao-verdade satisfaz a proposicao.

Problema #40
A valoracao-verdade satisfaz a proposicao.

Problema #41
A valoracao-verdade satisfaz a proposicao.

Problema #42
A valoracao-verdade nao satisfaz o conjunto.

Problema #43
A valoracao-verdade satisfaz o conjunto.

Problema #44
A valoracao-verdade nao satisfaz a proposicao.

Problema #45
A valoracao-verdade nao satisfaz o conjunto.

Problema #46
A valoracao-verdade satisfaz a proposicao.

Problema #47
A valoracao-verdade nao satisfaz o conjunto.

Problema #48
A valoracao-verdade satisfaz a proposicao.

Problema #49
A valoracao-verdade nao satisfaz a proposicao.

Problema #50
A valoracao-verdade nao satisfaz o conjunto.

Problema #51
A valoracao-verdade nao satisfaz o conjunto.

Problema #52
A valoracao-verdade nao satisfaz a proposicao.

Problema #53
A valoracao-verdade satisfaz a proposicao.

Problema #54
A valoracao-verdade satisfaz a proposicao.

Problema #55
A valoracao-verdade nao satisfaz o conjunto.

Problema #56
A valoracao-verdade satisfaz a proposicao.

Problema #57
A valoracao-verdade nao satisfaz a proposicao.

Problema #58
A valoracao-verdade satisfaz a proposicao.

Problema #59
A valoracao-verdade satisfaz o conjunto.

Problema #60
A valoracao-verdade nao satisfaz o conjunto.

Problema #61
A valoracao-verdade nao satisfaz o conjunto.

Problema #62
A valoracao-verdade nao satisfaz o conjunto.

Problema #63
A valoracao-verdade satisfaz a proposicao.

Problema #64
A valoracao-verdade satisfaz o conjunto.

Problema #65
A valoracao-verdade satisfaz a proposicao.

Problema #66
A valoracao-verdade satisfaz a proposicao.

Problema #67
A valoracao-verdade nao satisfaz o conjunto.

Problema #68
A valoracao-verdade nao satisfaz o conjunto.

Problema #69
A valoracao-verdade nao satisfaz o conjunto.

Problema #70
A valoracao-verdade satisfaz a proposicao.

Problema #71
A valoracao-verdade satisfaz a proposicao.

Problema #72
A valoracao-verdade satisfaz a proposicao.

Problema #73
A valoracao-verdade nao satisfaz a proposicao.

Problema #74
A valoracao-verdade nao satisfaz a proposicao.

Problema #75
A valoracao-verdade satisfaz a proposicao.

Problema #76
A valoracao-verdade nao satisfaz a proposicao.

Problema #77
A valoracao-verdade satisfaz a proposicao.

Problema #78
A valoracao-verdade satisfaz a proposicao.

Problema #79
A valoracao-verdade nao satisfaz a proposicao.

Problema #80
A valoracao-verdade satisfaz a proposicao.

Problema #81
A valoracao-verdade nao satisfaz a proposicao.

Problema #82
A valoracao-verdade nao satisfaz a proposicao.

Problema #83
A valoracao-verdade nao satisfaz a proposicao.

Problema #84
A valoracao-verdade nao satisfaz o conjunto.

Problema #85
A valoracao-verdade nao satisfaz o conjunto.

Problema #86
A valoracao-verdade nao satisfaz a proposicao.

Problema #87
A valoracao-verdade nao satisfaz o conjunto.

Problema #88
A valoracao-verdade nao satisfaz a proposicao.

Problema #89
A valoracao-verdade nao satisfaz a proposicao.

Problema #90
A valoracao-verdade satisfaz a proposicao.

Problema #91
A valoracao-verdade nao satisfaz o conjunto.

Problema #92
A valoracao-verdade satisfaz o conjunto.

Problema #93
A valoracao-verdade nao satisfaz a proposicao.

Problema #94
A valoracao-verdade nao satisfaz a proposicao.

Problema #95
A valoracao-verdade nao satisfaz o conjunto.

Problema #96
A valoracao-verdade satisfaz a proposicao.

Problema #97
A valoracao-verdade nao satisfaz o conjunto.

Problema #98
A valoracao-verdade satisfaz o conjunto.

Problema #99
A valoracao-verdade nao satisfaz o conjunto.

Problema #100
A valoracao-verdade satisfaz a proposicao.

Problema #101
A valoracao-verdade satisfaz a proposicao.

Problema #102
A valoracao-verdade satisfaz a proposicao.

Problema #103
A valoracao-verdade nao satisfaz o conjunto.

Problema #104
A valoracao-verdade satisfaz a proposicao.

Problema #105
A valoracao-verdade nao satisfaz a proposicao.

Problema #106
A valoracao-verdade satisfaz a proposicao.

Problema #107
A valoracao-verdade satisfaz a proposicao.

Problema #108
A valoracao-verdade nao satisfaz o conjunto.

Problema #109
A valoracao-verdade satisfaz a proposicao.

Problema #110
A valoracao-verdade nao satisfaz o conjunto.

Problema #111
A valoracao-verdade satisfaz a proposicao.

Problema #112
A valoracao-verdade nao satisfaz a proposicao.

Problema #113
A valoracao-verdade nao satisfaz a proposicao.

Problema #114
A valoracao-verdade satisfaz a proposicao.

Problema #115
A valoracao-verdade nao satisfaz a proposicao.

Problema #116
A valoracao-verdade satisfaz a proposicao.

Problema #117
A valoracao-verdade satisfaz a proposicao.

Problema #118
A valoracao-verdade nao satisfaz o conjunto.

Problema #119
A valoracao-verdade satisfaz o conjunto.

Problema #120
A valoracao-verdade nao satisfaz a proposicao.

Problema #121
A valoracao-verdade satisfaz a proposicao.

Problema #122
A valoracao-verdade satisfaz a proposicao.

Problema #123
A valoracao-verdade satisfaz a proposicao.

Problema #124
A valoracao-verdade satisfaz a proposicao.

Problema #125
A valoracao-verdade satisfaz a proposicao.

Problema #126
A valoracao-verdade satisfaz a proposicao.

Problema #127
A valoracao-verdade satisfaz a proposicao.

Problema #128
A valoracao-verdade satisfaz a proposicao.

Problema #129
A valoracao-verdade satisfaz a proposicao.

Problema #130
A valoracao-verdade satisfaz a proposicao.

Problema #131
A valoracao-verdade satisfaz a proposicao.

Problema #132
A valoracao-verdade nao satisfaz a proposicao.

Problema #133
A valoracao-verdade nao satisfaz a proposicao.

Problema #134
A valoracao-verdade satisfaz a proposicao.

Problema #135
A valoracao-verdade nao satisfaz o conjunto.

Problema #136
A valoracao-verdade nao satisfaz o conjunto.

Problema #137
A valoracao-verdade nao satisfaz o conjunto.

Problema #138
A valoracao-verdade satisfaz a proposicao.

Problema #139
A valoracao-verdade satisfaz a proposicao.

Problema #140
A valoracao-verdade satisfaz a proposicao.

Problema #141
A valoracao-verdade satisfaz a proposicao.

Problema #142
A valoracao-verdade satisfaz a proposicao.

Problema #143
A valoracao-verdade satisfaz a proposicao.

Problema #144
A valoracao-verdade satisfaz a proposicao.

Problema #145
A valoracao-verdade satisfaz a proposicao.

Problema #146
A valoracao-verdade satisfaz a proposicao.

Problema #147
A valoracao-verdade nao satisfaz o conjunto.

Problema #148
A valoracao-verdade nao satisfaz o conjunto.

Problema #149
A valoracao-verdade nao satisfaz a proposicao.

Problema #150
A valoracao-verdade satisfaz a proposicao.

Problema #151
A valoracao-verdade satisfaz a proposicao.

Problema #152
A valoracao-verdade nao satisfaz o conjunto.

Problema #153
A valoracao-verdade satisfaz a proposicao.

Problema #154
A valoracao-verdade satisfaz a proposicao.

Problema #155
A valoracao-verdade nao satisfaz a proposicao.

Problema #156
A valoracao-verdade satisfaz a proposicao.

Problema #157
A valoracao-verdade nao satisfaz o conjunto.

Problema #158
A valoracao-verdade satisfaz a proposicao.

Problema #159
A valoracao-verdade nao satisfaz a proposicao.

Problema #160
A valoracao-verdade satisfaz a proposicao.

Problema #161
A valoracao-verdade satisfaz a proposicao.

Problema #162
A valoracao-verdade nao satisfaz a proposicao.

Problema #163
A valoracao-verdade satisfaz a proposicao.

Problema #164
A valoracao-verdade satisfaz a proposicao.

Problema #165
A valoracao-verdade nao satisfaz o conjunto.

Problema #166
A valoracao-verdade satisfaz a proposicao.

Problema #167
A valoracao-verdade nao satisfaz o conjunto.

Problema #168
A valoracao-verdade satisfaz a proposicao.

Problema #169
A valoracao-verdade satisfaz a proposicao.

Problema #170
A valoracao-verdade nao satisfaz o conjunto.

Problema #171
A valoracao-verdade satisfaz a proposicao.

Problema #172
A valoracao-verdade satisfaz a proposicao.

Problema #173
A valoracao-verdade satisfaz a proposicao.

Problema #174
A valoracao-verdade satisfaz a proposicao.

Problema #175
A valoracao-verdade nao satisfaz o conjunto.

Problema #176
A valoracao-verdade nao satisfaz o conjunto.

Problema #177
A valoracao-verdade nao satisfaz o conjunto.

Problema #178
A valoracao-verdade nao satisfaz o conjunto.

Problema #179
A valoracao-verdade satisfaz a proposicao.

Problema #180
A valoracao-verdade nao satisfaz a proposicao.

Problema #181
A valoracao-verdade nao satisfaz o conjunto.

Problema #182
A valoracao-verdade nao satisfaz o conjunto.

Problema #183
A valoracao-verdade nao satisfaz o conjunto.

Problema #184
A valoracao-verdade satisfaz a proposicao.

Problema #185
A valoracao-verdade nao satisfaz o conjunto.

Problema #186
A valoracao-verdade satisfaz a proposicao.

Problema #187
A valoracao-verdade nao satisfaz o conjunto.

Problema #188
A valoracao-verdade nao satisfaz a proposicao.

Problema #189
A valoracao-verdade nao satisfaz o conjunto.

Problema #190
A valoracao-verdade nao satisfaz o conjunto.

Problema #191
A valoracao-verdade satisfaz a proposicao.

Problema #192
A valoracao-verdade satisfaz a proposicao.

Problema #193
A valoracao-verdade nao satisfaz a proposicao.

Problema #194
A valoracao-verdade satisfaz a proposicao.

Problema #195
A valoracao-verdade satisfaz a proposicao.

Problema #196
A valoracao-verdade nao satisfaz o conjunto.

Problema #197
A valoracao-verdade satisfaz o conjunto.

Problema #198
A valoracao-verdade nao satisfaz o conjunto.

Problema #199
A valoracao-verdade nao satisfaz a proposicao.

Problema #200
A valoracao-verdade nao satisfaz a proposicao.
