Problema #1
A valoracao-verdade satisfaz a proposicao.

Problema #2
A valoracao-verdade satisfaz a proposicao.

Problema #3
A valoracao-verdade nao satisfaz a proposicao.

Problema #4
A valoracao-verdade satisfaz a proposicao.

Problema #5
A valoracao-verdade nao satisfaz a proposicao.

Problema #6
A valoracao-verdade satisfaz a proposicao.

Problema #7
A valoracao-verdade satisfaz o conjunto.

Problema #8
A valoracao-verdade satisfaz a proposicao.

Problema #9
A valoracao-verdade satisfaz a proposicao.

Problema #10
A valoracao-verdade nao satisfaz o conjunto.

Problema #11
A valoracao-verdade nao satisfaz a proposicao.

Problema #12
A valoracao-verdade nao satisfaz o conjunto.

Problema #13
A valoracao-verdade nao satisfaz o conjunto.

Problema #14
A valoracao-verdade satisfaz a proposicao.

Problema #15
A valoracao-verdade nao satisfaz a proposicao.

Problema #16
A valoracao-verdade satisfaz a proposicao.

Problema #17
A valoracao-verdade nao satisfaz a proposicao.

Problema #18
A valoracao-verdade satisfaz a proposicao.

Problema #19
A valoracao-verdade satisfaz a proposicao.

Problema #20
A valoracao-verdade satisfaz a proposicao.

Problema #21
A valoracao-verdade nao satisfaz o conjunto.

Problema #22
A valoracao-verdade nao satisfaz o conjunto.

Problema #23
A valoracao-verdade nao satisfaz o conjunto.

Problema #24
A valoracao-verdade nao satisfaz o conjunto.

Problema #25
A valoracao-verdade satisfaz a proposicao.

Problema #26
A valoracao-verdade satisfaz a proposicao.

Problema #27
A valoracao-verdade nao satisfaz o conjunto.

Problema #28
A valoracao-verdade satisfaz a proposicao.

Problema #29
A valoracao-verdade nao satisfaz o conjunto.

Problema #30
A valoracao-verdade satisfaz a proposicao.

Problema #31
A valoracao-verdade nao satisfaz o conjunto.

Problema #32
A valoracao-verdade nao satisfaz o conjunto.

Problema #33
A valoracao-verdade satisfaz a proposicao.

Problema #34
A valoracao-verdade nao satisfaz a proposicao.

Problema #35
A valoracao-verdade nao satisfaz a proposicao.

Problema #36
A valoracao-verdade nao satisfaz o conjunto.

Problema #37
A valoracao-verdade satisfaz a proposicao.

Problema #38
A valoracao-verdade satisfaz a proposicao.

Problema #39
A valoracao-verdade nao satisfaz o conjunto.

Problema #40
A valoracao-verdade satisfaz a proposicao.

Problema #41
A valoracao-verdade satisfaz a proposicao.

Problema #42
A valoracao-verdade nao satisfaz o conjunto.

Problema #43
A valoracao-verdade nao satisfaz o conjunto.

Problema #44
A valoracao-verdade nao satisfaz a proposicao.

Problema #45
A valoracao-verdade satisfaz a proposicao.

Problema #46
A valoracao-verdade satisfaz a proposicao.

Problema #47
A valoracao-verdade satisfaz a proposicao.

Problema #48
A valoracao-verdade nao satisfaz o conjunto.

Problema #49
A valoracao-verdade satisfaz a proposicao.

Problema #50
A valoracao-verdade satisfaz a proposicao.

Problema #51
A valoracao-verdade nao satisfaz a proposicao.

Problema #52
A valoracao-verdade satisfaz a proposicao.

Problema #53
A valoracao-verdade satisfaz a proposicao.

Problema #54
A valoracao-verdade nao satisfaz o conjunto.

Problema #55
A valoracao-verdade nao satisfaz a proposicao.

Problema #56
A valoracao-verdade satisfaz a proposicao.

Problema #57
A valoracao-verdade satisfaz o conjunto.

Problema #58
A valoracao-verdade nao satisfaz o conjunto.

Problema #59
A valoracao-verdade satisfaz a proposicao.

Problema #60
A valoracao-verdade nao satisfaz o conjunto.

Problema #61
A valoracao-verdade nao satisfaz a proposicao.

Problema #62
A valoracao-verdade nao satisfaz a proposicao.

Problema #63
A valoracao-verdade nao satisfaz o conjunto.

Problema #64
A valoracao-verdade satisfaz a proposicao.

Problema #65
A valoracao-verdade nao satisfaz a proposicao.

Problema #66
A valoracao-verdade nao satisfaz o conjunto.

Problema #67
A valoracao-verdade nao satisfaz o conjunto.

Problema #68
A valoracao-verdade nao satisfaz o conjunto.

Problema #69
A valoracao-verdade satisfaz a proposicao.

Problema #70
A valoracao-verdade satisfaz a proposicao.

Problema #71
A valoracao-verdade satisfaz a proposicao.

Problema #72
A valoracao-verdade satisfaz a proposicao.

Problema #73
A valoracao-verdade nao satisfaz a proposicao.

Problema #74
A valoracao-verdade nao satisfaz a proposicao.

Problema #75
A valoracao-verdade nao satisfaz a proposicao.

Problema #76
A valoracao-verdade nao satisfaz a proposicao.

Problema #77
A valoracao-verdade satisfaz a proposicao.

Problema #78
A valoracao-verdade satisfaz a proposicao.

Problema #79
A valoracao-verdade satisfaz o conjunto.

Problema #80
A valoracao-verdade nao satisfaz a proposicao.

Problema #81
A valoracao-verdade nao satisfaz o conjunto.

Problema #82
A valoracao-verdade satisfaz a proposicao.

Problema #83
A valoracao-verdade nao satisfaz o conjunto.

Problema #84
A valoracao-verdade nao satisfaz o conjunto.

Problema #85
A valoracao-verdade satisfaz o conjunto.

Problema #86
A valoracao-verdade nao satisfaz a proposicao.

Problema #87
A valoracao-verdade nao satisfaz o conjunto.

Problema #88
A valoracao-verdade nao satisfaz a proposicao.

Problema #89
A valoracao-verdade satisfaz o conjunto.

Problema #90
A valoracao-verdade nao satisfaz a proposicao.

Problema #91
A valoracao-verdade satisfaz a proposicao.

Problema #92
A valoracao-verdade satisfaz a proposicao.

Problema #93
A valoracao-verdade satisfaz a proposicao.

Problema #94
A valoracao-verdade nao satisfaz o conjunto.

Problema #95
A valoracao-verdade nao satisfaz o conjunto.

Problema #96
A valoracao-verdade nao satisfaz o conjunto.

Problema #97
A valoracao-verdade satisfaz a proposicao.

Problema #98
A valoracao-verdade satisfaz a proposicao.

Problema #99
A valoracao-verdade nao satisfaz o conjunto.

Problema #100
A valoracao-verdade nao satisfaz a proposicao.

Problema #101
A valoracao-verdade nao satisfaz a proposicao.

Problema #102
A valoracao-verdade satisfaz a proposicao.

Problema #103
A valoracao-verdade nao satisfaz o conjunto.

Problema #104
A valoracao-verdade satisfaz a proposicao.

Problema #105
A valoracao-verdade satisfaz a proposicao.

Problema #106
A valoracao-verdade nao satisfaz o conjunto.

Problema #107
A valoracao-verdade satisfaz a proposicao.

Problema #108
A valoracao-verdade nao satisfaz a proposicao.

Problema #109
A valoracao-verdade nao satisfaz o conjunto.

Problema #110
A valoracao-verdade satisfaz a proposicao.

Problema #111
A valoracao-verdade nao satisfaz a proposicao.

Problema #112
A valoracao-verdade nao satisfaz a proposicao.

Problema #113
A valoracao-verdade satisfaz a proposicao.

Problema #114
A valoracao-verdade nao satisfaz o conjunto.

Problema #115
A valoracao-verdade satisfaz a proposicao.

Problema #116
A valoracao-verdade nao satisfaz a proposicao.

Problema #117
A valoracao-verdade satisfaz a proposicao.

Problema #118
A valoracao-verdade nao satisfaz a proposicao.

Problema #119
A valoracao-verdade nao satisfaz o conjunto.

Problema #120
A valoracao-verdade satisfaz a proposicao.

Problema #121
A valoracao-verdade nao satisfaz o conjunto.

Problema #122
A valoracao-verdade satisfaz a proposicao.

Problema #123
A valoracao-verdade satisfaz a proposicao.

Problema #124
A valoracao-verdade satisfaz a proposicao.

Problema #125
A valoracao-verdade satisfaz a proposicao.

Problema #126
A valoracao-verdade satisfaz a proposicao.

Problema #127
A valoracao-verdade nao satisfaz a proposicao.

Problema #128
A valoracao-verdade nao satisfaz o conjunto.

Problema #129
A valoracao-verdade nao satisfaz o conjunto.

Problema #130
A valoracao-verdade nao satisfaz o conjunto.

Problema #131
A valoracao-verdade nao satisfaz a proposicao.

Problema #132
A valoracao-verdade satisfaz a proposicao.

Problema #133
A valoracao-verdade nao satisfaz a proposicao.

Problema #134
A valoracao-verdade nao satisfaz o conjunto.

Problema #135
A valoracao-verdade satisfaz a proposicao.

Problema #136
A valoracao-verdade nao satisfaz o conjunto.

Problema #137
A valoracao-verdade satisfaz a proposicao.

Problema #138
A valoracao-verdade nao satisfaz o conjunto.

Problema #139
A valoracao-verdade nao satisfaz o conjunto.

Problema #140
A valoracao-verdade satisfaz a proposicao.

Problema #141
A valoracao-verdade nao satisfaz o conjunto.

Problema #142
A valoracao-verdade nao satisfaz o conjunto.

Problema #143
A valoracao-verdade satisfaz a proposicao.

Problema #144
A valoracao-verdade nao satisfaz o conjunto.

Problema #145
A valoracao-verdade nao satisfaz a proposicao.

Problema #146
A valoracao-verdade nao satisfaz o conjunto.

Problema #147
A valoracao-verdade satisfaz o conjunto.

Problema #148
A valoracao-verdade nao satisfaz o conjunto.

Problema #149
A valoracao-verdade satisfaz a proposicao.

Problema #150
A valoracao-verdade satisfaz a proposicao.

Problema #151
A valoracao-verdade satisfaz a proposicao.

Problema #152
A valoracao-verdade nao satisfaz a proposicao.

Problema #153
A valoracao-verdade satisfaz a proposicao.

Problema #154
A valoracao-verdade satisfaz a proposicao.

Problema #155
A valoracao-verdade satisfaz a proposicao.

Problema #156
A valoracao-verdade nao satisfaz o conjunto.

Problema #157
A valoracao-verdade satisfaz a proposicao.

Problema #158
A valoracao-verdade satisfaz a proposicao.

Problema #159
A valoracao-verdade nao satisfaz o conjunto.

Problema #160
A valoracao-verdade satisfaz a proposicao.

Problema #161
A valoracao-verdade nao satisfaz o conjunto.

Problema #162
A valoracao-verdade satisfaz a proposicao.

Problema #163
A valoracao-verdade nao satisfaz a proposicao.

Problema #164
A valoracao-verdade nao satisfaz o conjunto.

Problema #165
A valoracao-verdade satisfaz a proposicao.

Problema #166
A valoracao-verdade satisfaz a proposicao.

Problema #167
A valoracao-verdade satisfaz a proposicao.

Problema #168
A valoracao-verdade satisfaz a proposicao.

Problema #169
A valoracao-verdade nao satisfaz o conjunto.

Problema #170
A valoracao-verdade satisfaz a proposicao.

Problema #171
A valoracao-verdade nao satisfaz a proposicao.

Problema #172
A valoracao-verdade satisfaz a proposicao.

Problema #173
A valoracao-verdade nao satisfaz a proposicao.

Problema #174
A valoracao-verdade nao satisfaz o conjunto.

Problema #175
A valoracao-verdade nao satisfaz o conjunto.

Problema #176
A valoracao-verdade satisfaz a proposicao.

Problema #177
A valoracao-verdade satisfaz a proposicao.

Problema #178
A valoracao-verdade nao satisfaz a proposicao.

Problema #179
A valoracao-verdade nao satisfaz a proposicao.

Problema #180
A valoracao-verdade nao satisfaz o conjunto.

Problema #181
A valoracao-verdade nao satisfaz o conjunto.

Problema #182
A valoracao-verdade nao satisfaz o conjunto.

Problema #183
A valoracao-verdade nao satisfaz a proposicao.

Problema #184
A valoracao-verdade satisfaz o conjunto.

Problema #185
A valoracao-verdade satisfaz o conjunto.

Problema #186
A valoracao-verdade satisfaz a proposicao.

Problema #187
A valoracao-verdade nao satisfaz o conjunto.

Problema #188
A valoracao-verdade satisfaz a proposicao.

Problema #189
A valoracao-verdade nao satisfaz o conjunto.

Problema #190
A valoracao-verdade nao satisfaz a proposicao.

Problema #191
A valoracao-verdade nao satisfaz o conjunto.

Problema #192
A valoracao-verdade nao satisfaz o conjunto.

Problema #193
A valoracao-verdade satisfaz o conjunto.

Problema #194
A valoracao-verdade satisfaz a proposicao.

Problema #195
A valoracao-verdade nao satisfaz o conjunto.

Problema #196
A valoracao-verdade nao satisfaz o conjunto.

Problema #197
A valoracao-verdade satisfaz a proposicao.

Problema #198
A valoracao-verdade satisfaz a proposicao.

Problema #199
A valoracao-verdade satisfaz a proposicao.

Problema #200
A valoracao-verdade satisfaz a proposicao.

Problema #201
A valoracao-verdade satisfaz a proposicao.

Problema #202
A valoracao-verdade satisfaz a proposicao.

Problema #203
A valoracao-verdade nao satisfaz o conjunto.

Problema #204
A valoracao-verdade nao satisfaz o conjunto.

Problema #205
A valoracao-verdade nao satisfaz o conjunto.

Problema #206
A valoracao-verdade nao satisfaz o conjunto.

Problema #207
A valoracao-verdade nao satisfaz a proposicao.

Problema #208
A valoracao-verdade nao satisfaz o conjunto.

Problema #209
A valoracao-verdade satisfaz a proposicao.

Problema #210
A valoracao-verdade nao satisfaz o conjunto.

Problema #211
A valoracao-verdade satisfaz a proposicao.

Problema #212
A valoracao-verdade satisfaz a proposicao.

Problema #213
A valoracao-verdade satisfaz a proposicao.

Problema #214
A valoracao-verdade nao satisfaz a proposicao.

Problema #215
A valoracao-verdade nao satisfaz o conjunto.

Problema #216
A valoracao-verdade nao satisfaz a proposicao.

Problema #217
A valoracao-verdade nao satisfaz o conjunto.

Problema #218
A valoracao-verdade satisfaz a proposicao.

Problema #219
A valoracao-verdade nao satisfaz a proposicao.

Problema #220
A valoracao-verdade satisfaz a proposicao.

Problema #221
A valoracao-verdade nao satisfaz a proposicao.

Problema #222
A valoracao-verdade nao satisfaz o conjunto.

Problema #223
A valoracao-verdade nao satisfaz a proposicao.

Problema #224
A valoracao-verdade nao satisfaz o conjunto.

Problema #225
A valoracao-verdade nao satisfaz a proposicao.

Problema #226
A valoracao-verdade satisfaz a proposicao.

Problema #227
A valoracao-verdade satisfaz a proposicao.

Problema #228
A valoracao-verdade nao satisfaz a proposicao.

Problema #229
A valoracao-verdade nao satisfaz o conjunto.

Problema #230
A valoracao-verdade satisfaz a proposicao.

Problema #231
A valoracao-verdade nao satisfaz a proposicao.

Problema #232
A valoracao-verdade nao satisfaz a proposicao.

Problema #233
A valoracao-verdade nao satisfaz o conjunto.

Problema #234
A valoracao-verdade satisfaz a proposicao.

Problema #235
A valoracao-verdade satisfaz o conjunto.

Problema #236
A valoracao-verdade satisfaz a proposicao.

Problema #237
A valoracao-verdade nao satisfaz o conjunto.

Problema #238
A valoracao-verdade nao satisfaz a proposicao.

Problema #239
A valoracao-verdade nao satisfaz a proposicao.

Problema #240
A valoracao-verdade satisfaz a proposicao.

Problema #241
A valoracao-verdade nao satisfaz o conjunto.

Problema #242
A valoracao-verdade nao satisfaz a proposicao.

Problema #243
A valoracao-verdade satisfaz a proposicao.

Problema #244
A valoracao-verdade satisfaz a proposicao.

Problema #245
A valoracao-verdade nao satisfaz o conjunto.

Problema #246
A valoracao-verdade nao satisfaz o conjunto.

Problema #247
A valoracao-verdade satisfaz a proposicao.

Problema #248
A valoracao-verdade satisfaz a proposicao.

Problema #249
A valoracao-verdade nao satisfaz o conjunto.

Problema #250
A valoracao-verdade satisfaz a proposicao.

Problema #251
A valoracao-verdade nao satisfaz o conjunto.

Problema #252
A valoracao-verdade nao satisfaz o conjunto.

Problema #253
A valoracao-verdade nao satisfaz o conjunto.

Problema #254
A valoracao-verdade satisfaz a proposicao.

Problema #255
A valoracao-verdade nao satisfaz a proposicao.

Problema #256
A valoracao-verdade nao satisfaz a proposicao.

Problema #257
A valoracao-verdade satisfaz a proposicao.

Problema #258
A valoracao-verdade satisfaz a proposicao.

Problema #259
A valoracao-verdade satisfaz o conjunto.

Problema #260
A valoracao-verdade satisfaz a proposicao.

Problema #261
A valoracao-verdade nao satisfaz o conjunto.

Problema #262
A valoracao-verdade nao satisfaz o conjunto.

Problema #263
A valoracao-verdade nao satisfaz o conjunto.

Problema #264
A valoracao-verdade satisfaz a proposicao.

Problema #265
A valoracao-verdade nao satisfaz o conjunto.

Problema #266
A valoracao-verdade nao satisfaz o conjunto.

Problema #267
A valoracao-verdade nao satisfaz o conjunto.

Problema #268
A valoracao-verdade nao satisfaz o conjunto.

Problema #269
A valoracao-verdade nao satisfaz a proposicao.

Problema #270
A valoracao-verdade nao satisfaz o conjunto.

Problema #271
A valoracao-verdade nao satisfaz o conjunto.

Problema #272
A valoracao-verdade nao satisfaz a proposicao.

Problema #273
A valoracao-verdade nao satisfaz o conjunto.

Problema #274
A valoracao-verdade satisfaz o conjunto.

Problema #275
A valoracao-verdade nao satisfaz a proposicao.

Problema #276
A valoracao-verdade nao satisfaz a proposicao.

Problema #277
A valoracao-verdade nao satisfaz o conjunto.

Problema #278
A valoracao-verdade nao satisfaz a proposicao.

Problema #279
A valoracao-verdade satisfaz a proposicao.

Problema #280
A valoracao-verdade nao satisfaz a proposicao.

Problema #281
A valoracao-verdade satisfaz a proposicao.

Problema #282
A valoracao-verdade satisfaz a proposicao.

Problema #283
A valoracao-verdade satisfaz o conjunto.

Problema #284
A valoracao-verdade satisfaz a proposicao.

Problema #285
A valoracao-verdade nao satisfaz o conjunto.

Problema #286
A valoracao-verdade nao satisfaz o conjunto.

Problema #287
A valoracao-verdade satisfaz a proposicao.

Problema #288
A valoracao-verdade nao satisfaz o conjunto.

Problema #289
A valoracao-verdade satisfaz a proposicao.

Problema #290
A valoracao-verdade satisfaz a proposicao.

Problema #291
A valoracao-verdade nao satisfaz o conjunto.

Problema #292
A valoracao-verdade satisfaz a proposicao.

Problema #293
A valoracao-verdade satisfaz a proposicao.

Problema #294
A valoracao-verdade nao satisfaz a proposicao.

Problema #295
A valoracao-verdade satisfaz a proposicao.

Problema #296
A valoracao-verdade nao satisfaz a proposicao.

Problema #297
A valoracao-verdade satisfaz a proposicao.

Problema #298
A valoracao-verdade nao satisfaz o conjunto.

Problema #299
A valoracao-verdade nao satisfaz o conjunto.

Problema #300
A valoracao-verdade nao satisfaz a proposicao.

Problema #301
A valoracao-verdade nao satisfaz o conjunto.

Problema #302
A valoracao-verdade satisfaz a proposicao.

Problema #303
A valoracao-verdade nao satisfaz a proposicao.

Problema #304
A valoracao-verdade nao satisfaz a proposicao.

Problema #305
A valoracao-verdade nao satisfaz a proposicao.

Problema #306
A valoracao-verdade satisfaz a proposicao.

Problema #307
A valoracao-verdade satisfaz a proposicao.

Problema #308
A valoracao-verdade nao satisfaz a proposicao.

Problema #309
A valoracao-verdade nao satisfaz o conjunto.

Problema #310
A valoracao-verdade nao satisfaz a proposicao.

Problema #311
A valoracao-verdade nao satisfaz a proposicao.

Problema #312
A valoracao-verdade nao satisfaz a proposicao.

Problema #313
A valoracao-verdade nao satisfaz o conjunto.

Problema #314
A valoracao-verdade nao satisfaz a proposicao.

Problema #315
A valoracao-verdade nao satisfaz o conjunto.

Problema #316
A valoracao-verdade nao satisfaz o conjunto.

Problema #317
A valoracao-verdade nao satisfaz a proposicao.

Problema #318
A valoracao-verdade nao satisfaz a proposicao.

Problema #319
A valoracao-verdade nao satisfaz o conjunto.

Problema #320
A valoracao-verdade satisfaz a proposicao.

Problema #321
A valoracao-verdade nao satisfaz a proposicao.

Problema #322
A valoracao-verdade nao satisfaz a proposicao.

Problema #323
A valoracao-verdade nao satisfaz o conjunto.

Problema #324
A valoracao-verdade nao satisfaz a proposicao.

Problema #325
A valoracao-verdade nao satisfaz o conjunto.

Problema #326
A valoracao-verdade satisfaz o conjunto.

Problema #327
A valoracao-verdade nao satisfaz a proposicao.

Problema #328
A valoracao-verdade nao satisfaz a proposicao.

Problema #329
A valoracao-verdade nao satisfaz a proposicao.

Problema #330
A valoracao-verdade nao satisfaz a proposicao.

Problema #331
A valoracao-verdade satisfaz a proposicao.

Problema #332
A valoracao-verdade nao satisfaz o conjunto.

Problema #333
A valoracao-verdade satisfaz a proposicao.

Problema #334
A valoracao-verdade satisfaz a proposicao.

Problema #335
A valoracao-verdade nao satisfaz a proposicao.

Problema #336
A valoracao-verdade satisfaz a proposicao.

Problema #337
A valoracao-verdade nao satisfaz o conjunto.

Problema #338
A valoracao-verdade satisfaz a proposicao.

Problema #339
A valoracao-verdade nao satisfaz a proposicao.

Problema #340
A valoracao-verdade satisfaz a proposicao.

Problema #341
A valoracao-verdade nao satisfaz a proposicao.

Problema #342
A valoracao-verdade satisfaz a proposicao.

Problema #343
A valoracao-verdade nao satisfaz o conjunto.

Problema #344
A valoracao-verdade nao satisfaz o conjunto.

Problema #345
A valoracao-verdade satisfaz o conjunto.

Problema #346
A valoracao-verdade nao satisfaz a proposicao.

Problema #347
A valoracao-verdade satisfaz a proposicao.

Problema #348
A valoracao-verdade nao satisfaz o conjunto.

Problema #349
A valoracao-verdade nao satisfaz a proposicao.

Problema #350
A valoracao-verdade nao satisfaz o conjunto.

Problema #351
A valoracao-verdade nao satisfaz o conjunto.

Problema #352
A valoracao-verdade satisfaz a proposicao.

Problema #353
A valoracao-verdade nao satisfaz a proposicao.

Problema #354
A valoracao-verdade satisfaz a proposicao.

Problema #355
A valoracao-verdade nao satisfaz a proposicao.

Problema #356
A valoracao-verdade nao satisfaz o conjunto.

Problema #357
A valoracao-verdade satisfaz a proposicao.

Problema #358
A valoracao-verdade satisfaz o conjunto.

Problema #359
A valoracao-verdade satisfaz o conjunto.

Problema #360
A valoracao-verdade satisfaz a proposicao.

Problema #361
A valoracao-verdade nao satisfaz o conjunto.

Problema #362
A valoracao-verdade satisfaz a proposicao.

Problema #363
A valoracao-verdade satisfaz a proposicao.

Problema #364
A valoracao-verdade satisfaz a proposicao.

Problema #365
A valoracao-verdade nao satisfaz o conjunto.

Problema #366
A valoracao-verdade satisfaz o conjunto.

Problema #367
A valoracao-verdade satisfaz a proposicao.

Problema #368
A valoracao-verdade nao satisfaz a proposicao.

Problema #369
A valoracao-verdade nao satisfaz a proposicao.

Problema #370
A valoracao-verdade nao satisfaz o conjunto.

Problema #371
A valoracao-verdade nao satisfaz o conjunto.

Problema #372
A valoracao-verdade satisfaz a proposicao.

Problema #373
A valoracao-verdade nao satisfaz o conjunto.

Problema #374
A valoracao-verdade nao satisfaz o conjunto.

Problema #375
A valoracao-verdade satisfaz a proposicao.

Problema #376
A valoracao-verdade nao satisfaz o conjunto.

Problema #377
A valoracao-verdade satisfaz a proposicao.

Problema #378
A valoracao-verdade satisfaz a proposicao.

Problema #379
A valoracao-verdade satisfaz a proposicao.

Problema #380
A valoracao-verdade satisfaz o conjunto.

Problema #381
A valoracao-verdade nao satisfaz o conjunto.

Problema #382
A valoracao-verdade nao satisfaz o conjunto.

Problema #383
A valoracao-verdade nao satisfaz a proposicao.

Problema #384
A valoracao-verdade nao satisfaz o conjunto.

Problema #385
A valoracao-verdade nao satisfaz o conjunto.

Problema #386
A valoracao-verdade nao satisfaz o conjunto.

Problema #387
A valoracao-verdade nao satisfaz o conjunto.

Problema #388
A valoracao-verdade satisfaz o conjunto.

Problema #389
A valoracao-verdade nao satisfaz o conjunto.

Problema #390
A valoracao-verdade satisfaz o conjunto.

Problema #391
A valoracao-verdade nao satisfaz a proposicao.

Problema #392
A valoracao-verdade nao satisfaz o conjunto.

Problema #393
A valoracao-verdade nao satisfaz a proposicao.

Problema #394
A valoracao-verdade nao satisfaz a proposicao.

Problema #395
A valoracao-verdade satisfaz a proposicao.

Problema #396
A valoracao-verdade satisfaz a proposicao.

Problema #397
A valoracao-verdade satisfaz a proposicao.

Problema #398
A valoracao-verdade satisfaz a proposicao.

Problema #399
A valoracao-verdade nao satisfaz a proposicao.

Problema #400
A valoracao-verdade satisfaz o conjunto.

Problema #401
A valoracao-verdade satisfaz a proposicao.

Problema #402
A valoracao-verdade nao satisfaz o conjunto.

Problema #403
A valoracao-verdade nao satisfaz o conjunto.

Problema #404
A valoracao-verdade nao satisfaz o conjunto.

Problema #405
A valoracao-verdade nao satisfaz a proposicao.

Problema #406
A valoracao-verdade nao satisfaz a proposicao.

Problema #407
A valoracao-verdade satisfaz a proposicao.

Problema #408
A valoracao-verdade nao satisfaz o conjunto.

Problema #409
A valoracao-verdade satisfaz a proposicao.

Problema #410
A valoracao-verdade satisfaz o conjunto.

Problema #411
A valoracao-verdade satisfaz a proposicao.

Problema #412
A valoracao-verdade nao satisfaz a proposicao.

Problema #413
A valoracao-verdade nao satisfaz o conjunto.

Problema #414
A valoracao-verdade nao satisfaz a proposicao.

Problema #415
A valoracao-verdade nao satisfaz o conjunto.

Problema #416
A valoracao-verdade nao satisfaz a proposicao.

Problema #417
A valoracao-verdade nao satisfaz o conjunto.

Problema #418
A valoracao-verdade satisfaz a proposicao.

Problema #419
A valoracao-verdade satisfaz a proposicao.

Problema #420
A valoracao-verdade satisfaz a proposicao.

Problema #421
A valoracao-verdade nao satisfaz a proposicao.

Problema #422
A valoracao-verdade nao satisfaz a proposicao.

Problema #423
A valoracao-verdade nao satisfaz o conjunto.

Problema #424
A valoracao-verdade nao satisfaz o conjunto.

Problema #425
A valoracao-verdade satisfaz a proposicao.

Problema #426
A valoracao-verdade satisfaz a proposicao.

Problema #427
A valoracao-verdade nao satisfaz o conjunto.

Problema #428
A valoracao-verdade nao satisfaz a proposicao.

Problema #429
A valoracao-verdade nao satisfaz o conjunto.

Problema #430
A valoracao-verdade nao satisfaz a proposicao.

Problema #431
A valoracao-verdade satisfaz a proposicao.

Problema #432
A valoracao-verdade nao satisfaz o conjunto.

Problema #433
A valoracao-verdade nao satisfaz o conjunto.

Problema #434
A valoracao-verdade nao satisfaz a proposicao.

Problema #435
A valoracao-verdade nao satisfaz o conjunto.

Problema #436
A valoracao-verdade nao satisfaz a proposicao.

Problema #437
A valoracao-verdade nao satisfaz a proposicao.

Problema #438
A valoracao-verdade nao satisfaz o conjunto.

Problema #439
A valoracao-verdade satisfaz a proposicao.

Problema #440
A valoracao-verdade satisfaz a proposicao.

Problema #441
A valoracao-verdade nao satisfaz o conjunto.

Problema #442
A valoracao-verdade satisfaz a proposicao.

Problema #443
A valoracao-verdade nao satisfaz a proposicao.

Problema #444
A valoracao-verdade satisfaz a proposicao.

Problema #445
A valoracao-verdade satisfaz o conjunto.

Problema #446
A valoracao-verdade nao satisfaz o conjunto.

Problema #447
A valoracao-verdade nao satisfaz o conjunto.

Problema #448
A valoracao-verdade satisfaz a proposicao.

Problema #449
A valoracao-verdade satisfaz a proposicao.

Problema #450
A valoracao-verdade nao satisfaz a proposicao.

Problema #451
A valoracao-verdade satisfaz a proposicao.

Problema #452
A valoracao-verdade satisfaz a proposicao.

Problema #453
A valoracao-verdade satisfaz a proposicao.

Problema #454
A valoracao-verdade nao satisfaz o conjunto.

Problema #455
A valoracao-verdade nao satisfaz a proposicao.

Problema #456
A valoracao-verdade nao satisfaz o conjunto.

Problema #457
A valoracao-verdade nao satisfaz o conjunto.

Problema #458
A valoracao-verdade satisfaz a proposicao.

Problema #459
A valoracao-verdade nao satisfaz o conjunto.

Problema #460
A valoracao-verdade nao satisfaz a proposicao.

Problema #461
A valoracao-verdade satisfaz o conjunto.

Problema #462
A valoracao-verdade nao satisfaz a proposicao.

Problema #463
A valoracao-verdade satisfaz a proposicao.

Problema #464
A valoracao-verdade satisfaz a proposicao.

Problema #465
A valoracao-verdade nao satisfaz o conjunto.

Problema #466
A valoracao-verdade satisfaz a proposicao.

Problema #467
A valoracao-verdade nao satisfaz o conjunto.

Problema #468
A valoracao-verdade nao satisfaz o conjunto.

Problema #469
A valoracao-verdade satisfaz o conjunto.

Problema #470
A valoracao-verdade nao satisfaz o conjunto.

Problema #471
A valoracao-verdade nao satisfaz a proposicao.

Problema #472
A valoracao-verdade nao satisfaz o conjunto.

Problema #473
A valoracao-verdade satisfaz a proposicao.

Problema #474
A valoracao-verdade nao satisfaz o conjunto.

Problema #475
A valoracao-verdade nao satisfaz o conjunto.

Problema #476
A valoracao-verdade nao satisfaz a proposicao.

Problema #477
A valoracao-verdade nao satisfaz o conjunto.

Problema #478
A valoracao-verdade nao satisfaz o conjunto.

Problema #479
A valoracao-verdade satisfaz o conjunto.

Problema #480
A valoracao-verdade satisfaz a proposicao.

Problema #481
A valoracao-verdade satisfaz a proposicao.

Problema #482
A valoracao-verdade nao satisfaz o conjunto.

Problema #483
A valoracao-verdade satisfaz a proposicao.

Problema #484
A valoracao-verdade nao satisfaz a proposicao.

Problema #485
A valoracao-verdade nao satisfaz o conjunto.

Problema #486
A valoracao-verdade satisfaz a proposicao.

Problema #487
A valoracao-verdade nao satisfaz a proposicao.

Problema #488
A valoracao-verdade satisfaz a proposicao.

Problema #489
A valoracao-verdade nao satisfaz o conjunto.

Problema #490
A valoracao-verdade satisfaz a proposicao.

Problema #491
A valoracao-verdade nao satisfaz o conjunto.

Problema #492
A valoracao-verdade nao satisfaz o conjunto.

Problema #493
A valoracao-verdade satisfaz a proposicao.

Problema #494
A valoracao-verdade satisfaz a proposicao.

Problema #495
A valoracao-verdade nao satisfaz o conjunto.

Problema #496
A valoracao-verdade satisfaz a proposicao.

Problema #497
A valoracao-verdade nao satisfaz o conjunto.

Problema #498
A valoracao-verdade satisfaz a proposicao.

Problema #499
A valoracao-verdade nao satisfaz a proposicao.

Problema #500
A valoracao-verdade satisfaz o conjunto.

Problema #501
A valoracao-verdade satisfaz a proposicao.

Problema #502
A valoracao-verdade nao satisfaz a proposicao.

Problema #503
A valoracao-verdade satisfaz a proposicao.

Problema #504
A valoracao-verdade satisfaz o conjunto.

Problema #505
A valoracao-verdade nao satisfaz o conjunto.

Problema #506
A valoracao-verdade nao satisfaz o conjunto.

Problema #507
A valoracao-verdade nao satisfaz o conjunto.

Problema #508
A valoracao-verdade satisfaz a proposicao.

Problema #509
A valoracao-verdade nao satisfaz o conjunto.

Problema #510
A valoracao-verdade nao satisfaz o conjunto.

Problema #511
A valoracao-verdade nao satisfaz a proposicao.

Problema #512
A valoracao-verdade nao satisfaz o conjunto.

Problema #513
A valoracao-verdade satisfaz a proposicao.

Problema #514
A valoracao-verdade nao satisfaz a proposicao.

Problema #515
A valoracao-verdade nao satisfaz o conjunto.

Problema #516
A valoracao-verdade satisfaz a proposicao.

Problema #517
A valoracao-verdade nao satisfaz o conjunto.

Problema #518
A valoracao-verdade satisfaz a proposicao.

Problema #519
A valoracao-verdade nao satisfaz o conjunto.

Problema #520
A valoracao-verdade satisfaz a proposicao.

Problema #521
A valoracao-verdade nao satisfaz o conjunto.

Problema #522
A valoracao-verdade nao satisfaz o conjunto.

Problema #523
A valoracao-verdade nao satisfaz o conjunto.

Problema #524
A valoracao-verdade nao satisfaz a proposicao.

Problema #525
A valoracao-verdade nao satisfaz a proposicao.

Problema #526
A valoracao-verdade nao satisfaz a proposicao.

Problema #527
A valoracao-verdade satisfaz a proposicao.

Problema #528
A valoracao-verdade satisfaz a proposicao.

Problema #529
A valoracao-verdade nao satisfaz o conjunto.

Problema #530
A valoracao-verdade satisfaz a proposicao.

Problema #531
A valoracao-verdade satisfaz a proposicao.

Problema #532
A valoracao-verdade nao satisfaz a proposicao.

Problema #533
A valoracao-verdade nao satisfaz a proposicao.

Problema #534
A valoracao-verdade satisfaz a proposicao.

Problema #535
A valoracao-verdade nao satisfaz o conjunto.

Problema #536
A valoracao-verdade satisfaz a proposicao.

Problema #537
A valoracao-verdade satisfaz a proposicao.

Problema #538
A valoracao-verdade satisfaz a proposicao.

Problema #539
A valoracao-verdade nao satisfaz o conjunto.

Problema #540
A valoracao-verdade satisfaz a proposicao.

Problema #541
A valoracao-verdade nao satisfaz o conjunto.

Problema #542
A valoracao-verdade nao satisfaz o conjunto.

Problema #543
A valoracao-verdade satisfaz o conjunto.

Problema #544
A valoracao-verdade nao satisfaz o conjunto.

Problema #545
A valoracao-verdade nao satisfaz o conjunto.

Problema #546
A valoracao-verdade satisfaz a proposicao.

Problema #547
A valoracao-verdade nao satisfaz a proposicao.

Problema #548
A valoracao-verdade nao satisfaz a proposicao.

Problema #549
A valoracao-verdade nao satisfaz o conjunto.

Problema #550
A valoracao-verdade nao satisfaz o conjunto.

Problema #551
A valoracao-verdade nao satisfaz o conjunto.

Problema #552
A valoracao-verdade satisfaz a proposicao.

Problema #553
A valoracao-verdade satisfaz a proposicao.

Problema #554
A valoracao-verdade satisfaz o conjunto.

Problema #555
A valoracao-verdade nao satisfaz a proposicao.

Problema #556
A valoracao-verdade nao satisfaz o conjunto.

Problema #557
A valoracao-verdade nao satisfaz o conjunto.

Problema #558
A valoracao-verdade nao satisfaz o conjunto.

Problema #559
A valoracao-verdade satisfaz o conjunto.

Problema #560
A valoracao-verdade satisfaz a proposicao.

Problema #561
A valoracao-verdade nao satisfaz a proposicao.

Problema #562
A valoracao-verdade nao satisfaz a proposicao.

Problema #563
A valoracao-verdade satisfaz a proposicao.

Problema #564
A valoracao-verdade satisfaz a proposicao.

Problema #565
A valoracao-verdade satisfaz a proposicao.

Problema #566
A valoracao-verdade satisfaz a proposicao.

Problema #567
A valoracao-verdade nao satisfaz o conjunto.

Problema #568
A valoracao-verdade satisfaz a proposicao.

Problema #569
A valoracao-verdade nao satisfaz o conjunto.

Problema #570
A valoracao-verdade nao satisfaz a proposicao.

Problema #571
A valoracao-verdade satisfaz a proposicao.

Problema #572
A valoracao-verdade satisfaz o conjunto.

Problema #573
A valoracao-verdade nao satisfaz o conjunto.

Problema #574
A valoracao-verdade satisfaz a proposicao.

Problema #575
A valoracao-verdade satisfaz o conjunto.

Problema #576
A valoracao-verdade satisfaz a proposicao.

Problema #577
A valoracao-verdade satisfaz a proposicao.

Problema #578
A valoracao-verdade satisfaz a proposicao.

Problema #579
A valoracao-verdade satisfaz a proposicao.

Problema #580
A valoracao-verdade nao satisfaz a proposicao.

Problema #581
A valoracao-verdade nao satisfaz o conjunto.

Problema #582
A valoracao-verdade satisfaz a proposicao.

Problema #583
A valoracao-verdade satisfaz o conjunto.

Problema #584
A valoracao-verdade nao satisfaz a proposicao.

Problema #585
A valoracao-verdade satisfaz o conjunto.

Problema #586
A valoracao-verdade nao satisfaz o conjunto.

Problema #587
A valoracao-verdade nao satisfaz a proposicao.

Problema #588
A valoracao-verdade nao satisfaz o conjunto.

Problema #589
A valoracao-verdade satisfaz a proposicao.

Problema #590
A valoracao-verdade nao satisfaz o conjunto.

Problema #591
A valoracao-verdade nao satisfaz o conjunto.

Problema #592
A valoracao-verdade satisfaz a proposicao.

Problema #593
A valoracao-verdade satisfaz a proposicao.

Problema #594
A valoracao-verdade nao satisfaz o conjunto.

Problema #595
A valoracao-verdade nao satisfaz o conjunto.

Problema #596
A valoracao-verdade satisfaz a proposicao.

Problema #597
A valoracao-verdade nao satisfaz a proposicao.

Problema #598
A valoracao-verdade nao satisfaz o conjunto.

Problema #599
A valoracao-verdade satisfaz a proposicao.

Problema #600
A valoracao-verdade nao satisfaz a proposicao.

Problema #601
A valoracao-verdade nao satisfaz o conjunto.

Problema #602
A valoracao-verdade nao satisfaz o conjunto.

Problema #603
A valoracao-verdade nao satisfaz o conjunto.

Problema #604
A valoracao-verdade satisfaz a proposicao.

Problema #605
A valoracao-verdade nao satisfaz a proposicao.

Problema #606
A valoracao-verdade satisfaz a proposicao.

Problema #607
A valoracao-verdade nao satisfaz o conjunto.

Problema #608
A valoracao-verdade nao satisfaz o conjunto.

Problema #609
A valoracao-verdade nao satisfaz a proposicao.

Problema #610
A valoracao-verdade satisfaz a proposicao.

Problema #611
A valoracao-verdade satisfaz a proposicao.

Problema #612
A valoracao-verdade nao satisfaz o conjunto.

Problema #613
A valoracao-verdade nao satisfaz o conjunto.

Problema #614
A valoracao-verdade satisfaz a proposicao.

Problema #615
A valoracao-verdade nao satisfaz o conjunto.

Problema #616
A valoracao-verdade nao satisfaz o conjunto.

Problema #617
A valoracao-verdade nao satisfaz o conjunto.

Problema #618
A valoracao-verdade satisfaz a proposicao.

Problema #619
A valoracao-verdade satisfaz a proposicao.

Problema #620
A valoracao-verdade nao satisfaz a proposicao.

Problema #621
A valoracao-verdade nao satisfaz o conjunto.

Problema #622
A valoracao-verdade satisfaz a proposicao.

Problema #623
A valoracao-verdade nao satisfaz o conjunto.

Problema #624
A valoracao-verdade satisfaz a proposicao.

Problema #625
A valoracao-verdade satisfaz a proposicao.

Problema #626
A valoracao-verdade nao satisfaz a proposicao.

Problema #627
A valoracao-verdade satisfaz a proposicao.

Problema #628
A valoracao-verdade nao satisfaz o conjunto.

Problema #629
A valoracao-verdade nao satisfaz o conjunto.

Problema #630
A valoracao-verdade nao satisfaz o conjunto.

Problema #631
A valoracao-verdade nao satisfaz o conjunto.

Problema #632
A valoracao-verdade satisfaz a proposicao.

Problema #633
A valoracao-verdade satisfaz a proposicao.

Problema #634
A valoracao-verdade nao satisfaz a proposicao.

Problema #635
A valoracao-verdade nao satisfaz o conjunto.

Problema #636
A valoracao-verdade nao satisfaz o conjunto.

Problema #637
A valoracao-verdade nao satisfaz a proposicao.

Problema #638
A valoracao-verdade satisfaz a proposicao.

Problema #639
A valoracao-verdade satisfaz a proposicao.

Problema #640
A valoracao-verdade nao satisfaz o conjunto.

Problema #641
A valoracao-verdade nao satisfaz a proposicao.

Problema #642
A valoracao-verdade nao satisfaz a proposicao.

Problema #643
A valoracao-verdade satisfaz a proposicao.

Problema #644
A valoracao-verdade nao satisfaz o conjunto.

Problema #645
A valoracao-verdade satisfaz a proposicao.

Problema #646
A valoracao-verdade satisfaz a proposicao.

Problema #647
A valoracao-verdade satisfaz a proposicao.

Problema #648
A valoracao-verdade nao satisfaz o conjunto.

Problema #649
A valoracao-verdade nao satisfaz o conjunto.

Problema #650
A valoracao-verdade satisfaz a proposicao.

Problema #651
A valoracao-verdade nao satisfaz o conjunto.

Problema #652
A valoracao-verdade satisfaz o conjunto.

Problema #653
A valoracao-verdade nao satisfaz o conjunto.

Problema #654
A valoracao-verdade nao satisfaz o conjunto.

Problema #655
A valoracao-verdade satisfaz a proposicao.

Problema #656
A valoracao-verdade nao satisfaz o conjunto.

Problema #657
A valoracao-verdade satisfaz a proposicao.

Problema #658
A valoracao-verdade nao satisfaz a proposicao.

Problema #659
A valoracao-verdade satisfaz a proposicao.

Problema #660
A valoracao-verdade nao satisfaz o conjunto.

Problema #661
A valoracao-verdade nao satisfaz o conjunto.

Problema #662
A valoracao-verdade nao satisfaz o conjunto.

Problema #663
A valoracao-verdade nao satisfaz o conjunto.

Problema #664
A valoracao-verdade nao satisfaz o conjunto.

Problema #665
A valoracao-verdade satisfaz a proposicao.

Problema #666
A valoracao-verdade satisfaz a proposicao.

Problema #667
A valoracao-verdade nao satisfaz a proposicao.

Problema #668
A valoracao-verdade nao satisfaz o conjunto.

Problema #669
A valoracao-verdade satisfaz o conjunto.

Problema #670
A valoracao-verdade nao satisfaz o conjunto.

Problema #671
A valoracao-verdade nao satisfaz o conjunto.

Problema #672
A valoracao-verdade nao satisfaz o conjunto.

Problema #673
A valoracao-verdade nao satisfaz a proposicao.

Problema #674
A valoracao-verdade satisfaz a proposicao.

Problema #675
A valoracao-verdade nao satisfaz o conjunto.

Problema #676
A valoracao-verdade satisfaz a proposicao.

Problema #677
A valoracao-verdade satisfaz o conjunto.

Problema #678
A valoracao-verdade satisfaz a proposicao.

Problema #679
A valoracao-verdade satisfaz a proposicao.

Problema #680
A valoracao-verdade satisfaz o conjunto.

Problema #681
A valoracao-verdade satisfaz a proposicao.

Problema #682
A valoracao-verdade nao satisfaz a proposicao.

Problema #683
A valoracao-verdade satisfaz a proposicao.

Problema #684
A valoracao-verdade satisfaz a proposicao.

Problema #685
A valoracao-verdade nao satisfaz a proposicao.

Problema #686
A valoracao-verdade satisfaz a proposicao.

Problema #687
A valoracao-verdade nao satisfaz o conjunto.

Problema #688
A valoracao-verdade satisfaz a proposicao.

Problema #689
A valoracao-verdade nao satisfaz a proposicao.

Problema #690
A valoracao-verdade satisfaz a proposicao.

Problema #691
A valoracao-verdade satisfaz a proposicao.

Problema #692
A valoracao-verdade satisfaz a proposicao.

Problema #693
A valoracao-verdade nao satisfaz o conjunto.

Problema #694
A valoracao-verdade satisfaz a proposicao.

Problema #695
A valoracao-verdade satisfaz a proposicao.

Problema #696
A valoracao-verdade satisfaz a proposicao.

Problema #697
A valoracao-verdade nao satisfaz a proposicao.

Problema #698
A valoracao-verdade satisfaz a proposicao.

Problema #699
A valoracao-verdade nao satisfaz a proposicao.

Problema #700
A valoracao-verdade nao satisfaz o conjunto.

Problema #701
A valoracao-verdade nao satisfaz a proposicao.

Problema #702
A valoracao-verdade satisfaz a proposicao.

Problema #703
A valoracao-verdade nao satisfaz o conjunto.

Problema #704
A valoracao-verdade satisfaz a proposicao.

Problema #705
A valoracao-verdade nao satisfaz o conjunto.

Problema #706
A valoracao-verdade nao satisfaz o conjunto.

Problema #707
A valoracao-verdade satisfaz a proposicao.

Problema #708
A valoracao-verdade nao satisfaz o conjunto.

Problema #709
A valoracao-verdade nao satisfaz o conjunto.

Problema #710
A valoracao-verdade satisfaz a proposicao.

Problema #711
A valoracao-verdade nao satisfaz o conjunto.

Problema #712
A valoracao-verdade nao satisfaz a proposicao.

Problema #713
A valoracao-verdade satisfaz a proposicao.

Problema #714
A valoracao-verdade nao satisfaz o conjunto.

Problema #715
A valoracao-verdade satisfaz a proposicao.

Problema #716
A valoracao-verdade satisfaz a proposicao.

Problema #717
A valoracao-verdade satisfaz a proposicao.

Problema #718
A valoracao-verdade satisfaz a proposicao.

Problema #719
A valoracao-verdade nao satisfaz a proposicao.

Problema #720
A valoracao-verdade nao satisfaz a proposicao.

Problema #721
A valoracao-verdade satisfaz o conjunto.

Problema #722
A valoracao-verdade satisfaz a proposicao.

Problema #723
A valoracao-verdade nao satisfaz a proposicao.

Problema #724
A valoracao-verdade satisfaz a proposicao.

Problema #725
A valoracao-verdade nao satisfaz o conjunto.

Problema #726
A valoracao-verdade satisfaz a proposicao.

Problema #727
A valoracao-verdade nao satisfaz a proposicao.

Problema #728
A valoracao-verdade nao satisfaz o conjunto.

Problema #729
A valoracao-verdade nao satisfaz o conjunto.

Problema #730
A valoracao-verdade nao satisfaz o conjunto.

Problema #731
A valoracao-verdade satisfaz a proposicao.

Problema #732
A valoracao-verdade nao satisfaz a proposicao.

Problema #733
A valoracao-verdade satisfaz a proposicao.

Problema #734
A valoracao-verdade satisfaz a proposicao.

Problema #735
A valoracao-verdade nao satisfaz o conjunto.

Problema #736
A valoracao-verdade nao satisfaz a proposicao.

Problema #737
A valoracao-verdade satisfaz o conjunto.

Problema #738
A valoracao-verdade satisfaz a proposicao.

Problema #739
A valoracao-verdade satisfaz a proposicao.

Problema #740
A valoracao-verdade satisfaz a proposicao.

Problema #741
A valoracao-verdade satisfaz a proposicao.

Problema #742
A valoracao-verdade satisfaz a proposicao.

Problema #743
A valoracao-verdade nao satisfaz o conjunto.

Problema #744
A valoracao-verdade satisfaz a proposicao.

Problema #745
A valoracao-verdade nao satisfaz o conjunto.

Problema #746
A valoracao-verdade nao satisfaz o conjunto.

Problema #747
A valoracao-verdade satisfaz o conjunto.

Problema #748
A valoracao-verdade nao satisfaz a proposicao.

Problema #749
A valoracao-verdade nao satisfaz a proposicao.

Problema #750
A valoracao-verdade satisfaz o conjunto.

Problema #751
A valoracao-verdade nao satisfaz o conjunto.

Problema #752
A valoracao-verdade nao satisfaz a proposicao.

Problema #753
A valoracao-verdade nao satisfaz o conjunto.

Problema #754
A valoracao-verdade satisfaz o conjunto.

Problema #755
A valoracao-verdade nao satisfaz a proposicao.

Problema #756
A valoracao-verdade nao satisfaz o conjunto.

Problema #757
A valoracao-verdade satisfaz a proposicao.

Problema #758
A valoracao-verdade nao satisfaz o conjunto.

Problema #759
A valoracao-verdade satisfaz a proposicao.

Problema #760
A valoracao-verdade nao satisfaz o conjunto.

Problema #761
A valoracao-verdade satisfaz a proposicao.

Problema #762
A valoracao-verdade nao satisfaz o conjunto.

Problema #763
A valoracao-verdade satisfaz a proposicao.

Problema #764
A valoracao-verdade satisfaz o conjunto.

Problema #765
A valoracao-verdade nao satisfaz a proposicao.

Problema #766
A valoracao-verdade satisfaz o conjunto.

Problema #767
A valoracao-verdade satisfaz a proposicao.

Problema #768
A valoracao-verdade nao satisfaz o conjunto.

Problema #769
A valoracao-verdade satisfaz a proposicao.

Problema #770
A valoracao-verdade nao satisfaz a proposicao.

Problema #771
A valoracao-verdade nao satisfaz a proposicao.

Problema #772
A valoracao-verdade nao satisfaz o conjunto.

Problema #773
A valoracao-verdade nao satisfaz a proposicao.

Problema #774
A valoracao-verdade nao satisfaz a proposicao.

Problema #775
A valoracao-verdade satisfaz a proposicao.

Problema #776
A valoracao-verdade nao satisfaz o conjunto.

Problema #777
A valoracao-verdade satisfaz a proposicao.

Problema #778
A valoracao-verdade satisfaz a proposicao.

Problema #779
A valoracao-verdade nao satisfaz a proposicao.

Problema #780
A valoracao-verdade satisfaz a proposicao.

Problema #781
A valoracao-verdade satisfaz o conjunto.

Problema #782
A valoracao-verdade satisfaz a proposicao.

Problema #783
A valoracao-verdade nao satisfaz o conjunto.

Problema #784
A valoracao-verdade satisfaz a proposicao.

Problema #785
A valoracao-verdade satisfaz a proposicao.

Problema #786
A valoracao-verdade nao satisfaz a proposicao.

Problema #787
A valoracao-verdade nao satisfaz a proposicao.

Problema #788
A valoracao-verdade satisfaz a proposicao.

Problema #789
A valoracao-verdade nao satisfaz o conjunto.

Problema #790
A valoracao-verdade nao satisfaz o conjunto.

Problema #791
A valoracao-verdade nao satisfaz a proposicao.

Problema #792
A valoracao-verdade nao satisfaz o conjunto.

Problema #793
A valoracao-verdade nao satisfaz o conjunto.

Problema #794
A valoracao-verdade nao satisfaz a proposicao.

Problema #795
A valoracao-verdade satisfaz a proposicao.

Problema #796
A valoracao-verdade nao satisfaz o conjunto.

Problema #797
A valoracao-verdade nao satisfaz o conjunto.

Problema #798
A valoracao-verdade nao satisfaz o conjunto.

Problema #799
A valoracao-verdade nao satisfaz a proposicao.

Problema #800
A valoracao-verdade nao satisfaz a proposicao.

Problema #801
A valoracao-verdade satisfaz a proposicao.

Problema #802
A valoracao-verdade satisfaz a proposicao.

Problema #803
A valoracao-verdade satisfaz a proposicao.

Problema #804
A valoracao-verdade nao satisfaz o conjunto.

Problema #805
A valoracao-verdade nao satisfaz a proposicao.

Problema #806
A valoracao-verdade nao satisfaz o conjunto.

Problema #807
A valoracao-verdade satisfaz a proposicao.

Problema #808
A valoracao-verdade nao satisfaz o conjunto.

Problema #809
A valoracao-verdade nao satisfaz a proposicao.

Problema #810
A valoracao-verdade satisfaz a proposicao.

Problema #811
A valoracao-verdade satisfaz a proposicao.

Problema #812
A valoracao-verdade nao satisfaz a proposicao.

Problema #813
A valoracao-verdade satisfaz a proposicao.

Problema #814
A valoracao-verdade nao satisfaz a proposicao.

Problema #815
A valoracao-verdade nao satisfaz a proposicao.

Problema #816
A valoracao-verdade satisfaz a proposicao.

Problema #817
A valoracao-verdade satisfaz a proposicao.

Problema #818
A valoracao-verdade nao satisfaz o conjunto.

Problema #819
A valoracao-verdade satisfaz o conjunto.

Problema #820
A valoracao-verdade nao satisfaz o conjunto.

Problema #821
A valoracao-verdade nao satisfaz o conjunto.

Problema #822
A valoracao-verdade nao satisfaz a proposicao.

Problema #823
A valoracao-verdade satisfaz a proposicao.

Problema #824
A valoracao-verdade satisfaz a proposicao.

Problema #825
A valoracao-verdade nao satisfaz a proposicao.

Problema #826
A valoracao-verdade nao satisfaz a proposicao.

Problema #827
A valoracao-verdade nao satisfaz o conjunto.

Problema #828
A valoracao-verdade satisfaz a proposicao.

Problema #829
A valoracao-verdade satisfaz o conjunto.

Problema #830
A valoracao-verdade nao satisfaz o conjunto.

Problema #831
A valoracao-verdade nao satisfaz a proposicao.

Problema #832
A valoracao-verdade nao satisfaz a proposicao.

Problema #833
A valoracao-verdade nao satisfaz a proposicao.

Problema #834
A valoracao-verdade satisfaz o conjunto.

Problema #835
A valoracao-verdade nao satisfaz o conjunto.

Problema #836
A valoracao-verdade satisfaz a proposicao.

Problema #837
A valoracao-verdade satisfaz o conjunto.

Problema #838
A valoracao-verdade satisfaz a proposicao.

Problema #839
A valoracao-verdade nao satisfaz a proposicao.

Problema #840
A valoracao-verdade satisfaz a proposicao.

Problema #841
A valoracao-verdade nao satisfaz a proposicao.

Problema #842
A valoracao-verdade nao satisfaz o conjunto.

Problema #843
A valoracao-verdade nao satisfaz o conjunto.

Problema #844
A valoracao-verdade satisfaz a proposicao.

Problema #845
A valoracao-verdade satisfaz o conjunto.

Problema #846
A valoracao-verdade nao satisfaz o conjunto.

Problema #847
A valoracao-verdade nao satisfaz o conjunto.

Problema #848
A valoracao-verdade satisfaz a proposicao.

Problema #849
A valoracao-verdade nao satisfaz o conjunto.

Problema #850
A valoracao-verdade nao satisfaz a proposicao.

Problema #851
A valoracao-verdade nao satisfaz a proposicao.

Problema #852
A valoracao-verdade nao satisfaz o conjunto.

Problema #853
A valoracao-verdade nao satisfaz o conjunto.

Problema #854
A valoracao-verdade nao satisfaz a proposicao.

Problema #855
A valoracao-verdade satisfaz a proposicao.

Problema #856
A valoracao-verdade satisfaz a proposicao.

Problema #857
A valoracao-verdade satisfaz a proposicao.

Problema #858
A valoracao-verdade satisfaz a proposicao.

Problema #859
A valoracao-verdade nao satisfaz o conjunto.

Problema #860
A valoracao-verdade satisfaz a proposicao.

Problema #861
A valoracao-verdade nao satisfaz o conjunto.

Problema #862
A valoracao-verdade satisfaz a proposicao.

Problema #863
A valoracao-verdade satisfaz a proposicao.

Problema #864
A valoracao-verdade satisfaz a proposicao.

Problema #865
A valoracao-verdade nao satisfaz a proposicao.

Problema #866
A valoracao-verdade satisfaz a proposicao.

Problema #867
A valoracao-verdade nao satisfaz o conjunto.

Problema #868
A valoracao-verdade nao satisfaz o conjunto.

Problema #869
A valoracao-verdade satisfaz a proposicao.

Problema #870
A valoracao-verdade satisfaz o conjunto.

Problema #871
A valoracao-verdade nao satisfaz o conjunto.

Problema #872
A valoracao-verdade satisfaz a proposicao.

Problema #873
A valoracao-verdade nao satisfaz o conjunto.

Problema #874
A valoracao-verdade satisfaz a proposicao.

Problema #875
A valoracao-verdade satisfaz a proposicao.

Problema #876
A valoracao-verdade nao satisfaz a proposicao.

Problema #877
A valoracao-verdade nao satisfaz o conjunto.

Problema #878
A valoracao-verdade satisfaz a proposicao.

Problema #879
A valoracao-verdade satisfaz a proposicao.

Problema #880
A valoracao-verdade nao satisfaz a proposicao.

Problema #881
A valoracao-verdade nao satisfaz o conjunto.

Problema #882
A valoracao-verdade nao satisfaz o conjunto.

Problema #883
A valoracao-verdade satisfaz a proposicao.

Problema #884
A valoracao-verdade nao satisfaz o conjunto.

Problema #885
A valoracao-verdade nao satisfaz a proposicao.

Problema #886
A valoracao-verdade nao satisfaz a proposicao.

Problema #887
A valoracao-verdade nao satisfaz a proposicao.

Problema #888
A valoracao-verdade nao satisfaz o conjunto.

Problema #889
A valoracao-verdade satisfaz o conjunto.

Problema #890
A valoracao-verdade nao satisfaz o conjunto.

Problema #891
A valoracao-verdade nao satisfaz o conjunto.

Problema #892
A valoracao-verdade nao satisfaz a proposicao.

Problema #893
A valoracao-verdade satisfaz a proposicao.

Problema #894
A valoracao-verdade satisfaz a proposicao.

Problema #895
A valoracao-verdade nao satisfaz a proposicao.

Problema #896
A valoracao-verdade nao satisfaz a proposicao.

Problema #897
A valoracao-verdade nao satisfaz o conjunto.

Problema #898
A valoracao-verdade nao satisfaz o conjunto.

Problema #899
A valoracao-verdade satisfaz a proposicao.

Problema #900
A valoracao-verdade nao satisfaz o conjunto.

Problema #901
A valoracao-verdade satisfaz a proposicao.

Problema #902
A valoracao-verdade nao satisfaz o conjunto.

Problema #903
A valoracao-verdade satisfaz o conjunto.

Problema #904
A valoracao-verdade satisfaz a proposicao.

Problema #905
A valoracao-verdade nao satisfaz o conjunto.

Problema #906
A valoracao-verdade nao satisfaz a proposicao.

Problema #907
A valoracao-verdade satisfaz a proposicao.

Problema #908
A valoracao-verdade nao satisfaz o conjunto.

Problema #909
A valoracao-verdade satisfaz o conjunto.

Problema #910
A valoracao-verdade satisfaz o conjunto.

Problema #911
A valoracao-verdade nao satisfaz o conjunto.

Problema #912
A valoracao-verdade nao satisfaz o conjunto.

Problema #913
A valoracao-verdade nao satisfaz o conjunto.

Problema #914
A valoracao-verdade satisfaz o conjunto.

Problema #915
A valoracao-verdade nao satisfaz o conjunto.

Problema #916
A valoracao-verdade nao satisfaz a proposicao.

Problema #917
A valoracao-verdade satisfaz a proposicao.

Problema #918
A valoracao-verdade nao satisfaz a proposicao.

Problema #919
A valoracao-verdade nao satisfaz a proposicao.

Problema #920
A valoracao-verdade satisfaz a proposicao.

Problema #921
A valoracao-verdade nao satisfaz a proposicao.

Problema #922
A valoracao-verdade satisfaz a proposicao.

Problema #923
A valoracao-verdade satisfaz a proposicao.

Problema #924
A valoracao-verdade nao satisfaz a proposicao.

Problema #925
A valoracao-verdade nao satisfaz o conjunto.

Problema #926
A valoracao-verdade nao satisfaz a proposicao.

Problema #927
A valoracao-verdade satisfaz a proposicao.

Problema #928
A valoracao-verdade nao satisfaz o conjunto.

Problema #929
A valoracao-verdade nao satisfaz o conjunto.

Problema #930
A valoracao-verdade nao satisfaz a proposicao.

Problema #931
A valoracao-verdade nao satisfaz a proposicao.

Problema #932
A valoracao-verdade satisfaz a proposicao.

Problema #933
A valoracao-verdade nao satisfaz a proposicao.

Problema #934
A valoracao-verdade nao satisfaz o conjunto.

Problema #935
A valoracao-verdade nao satisfaz o conjunto.

Problema #936
A valoracao-verdade nao satisfaz o conjunto.

Problema #937
A valoracao-verdade satisfaz o conjunto.

Problema #938
A valoracao-verdade nao satisfaz o conjunto.

Problema #939
A valoracao-verdade satisfaz a proposicao.

Problema #940
A valoracao-verdade nao satisfaz o conjunto.

Problema #941
A valoracao-verdade satisfaz o conjunto.

Problema #942
A valoracao-verdade satisfaz a proposicao.

Problema #943
A valoracao-verdade nao satisfaz a proposicao.

Problema #944
A valoracao-verdade nao satisfaz a proposicao.

Problema #945
A valoracao-verdade nao satisfaz o conjunto.

Problema #946
A valoracao-verdade nao satisfaz a proposicao.

Problema #947
A valoracao-verdade satisfaz a proposicao.

Problema #948
A valoracao-verdade satisfaz a proposicao.

Problema #949
A valoracao-verdade satisfaz a proposicao.

Problema #950
A valoracao-verdade nao satisfaz a proposicao.

Problema #951
A valoracao-verdade satisfaz a proposicao.

Problema #952
A valoracao-verdade nao satisfaz o conjunto.

Problema #953
A valoracao-verdade satisfaz a proposicao.

Problema #954
A valoracao-verdade satisfaz o conjunto.

Problema #955
A valoracao-verdade satisfaz a proposicao.

Problema #956
A valoracao-verdade satisfaz o conjunto.

Problema #957
A valoracao-verdade satisfaz a proposicao.

Problema #958
A valoracao-verdade satisfaz a proposicao.

Problema #959
A valoracao-verdade satisfaz a proposicao.

Problema #960
A valoracao-verdade nao satisfaz a proposicao.

Problema #961
A valoracao-verdade nao satisfaz o conjunto.

Problema #962
A valoracao-verdade nao satisfaz o conjunto.

Problema #963
A valoracao-verdade nao satisfaz o conjunto.

Problema #964
A valoracao-verdade satisfaz a proposicao.

Problema #965
A valoracao-verdade nao satisfaz o conjunto.

Problema #966
A valoracao-verdade nao satisfaz o conjunto.

Problema #967
A valoracao-verdade nao satisfaz o conjunto.

Problema #968
A valoracao-verdade satisfaz a proposicao.

Problema #969
A valoracao-verdade nao satisfaz o conjunto.

Problema #970
A valoracao-verdade nao satisfaz a proposicao.

Problema #971
A valoracao-verdade satisfaz a proposicao.

Problema #972
A valoracao-verdade nao satisfaz a proposicao.

Problema #973
A valoracao-verdade nao satisfaz o conjunto.

Problema #974
A valoracao-verdade nao satisfaz o conjunto.

Problema #975
A valoracao-verdade satisfaz a proposicao.

Problema #976
A valoracao-verdade satisfaz a proposicao.

Problema #977
A valoracao-verdade nao satisfaz a proposicao.

Problema #978
A valoracao-verdade nao satisfaz o conjunto.

Problema #979
A valoracao-verdade satisfaz a proposicao.

Problema #980
A valoracao-verdade satisfaz a proposicao.

Problema #981
A valoracao-verdade nao satisfaz o conjunto.

Problema #982
A valoracao-verdade satisfaz a proposicao.

Problema #983
A valoracao-verdade nao satisfaz o conjunto.

Problema #984
A valoracao-verdade satisfaz a proposicao.

Problema #985
A valoracao-verdade satisfaz a proposicao.

Problema #986
A valoracao-verdade satisfaz a proposicao.

Problema #987
A valoracao-verdade nao satisfaz o conjunto.

Problema #988
A valoracao-verdade satisfaz a proposicao.

Problema #989
A valoracao-verdade satisfaz a proposicao.

Problema #990
A valoracao-verdade nao satisfaz o conjunto.

Problema #991
A valoracao-verdade nao satisfaz o conjunto.

Problema #992
A valoracao-verdade satisfaz a proposicao.

Problema #993
A valoracao-verdade nao satisfaz o conjunto.

Problema #994
A valoracao-verdade nao satisfaz o conjunto.

Problema #995
A valoracao-verdade nao satisfaz o conjunto.

Problema #996
A valoracao-verdade nao satisfaz a proposicao.

Problema #997
A valoracao-verdade nao satisfaz o conjunto.

Problema #998
A valoracao-verdade nao satisfaz o conjunto.

Problema #999
A valoracao-verdade satisfaz a proposicao.

Problema #1000
A valoracao-verdade nao satisfaz a proposicao.
