Problema #1
A valoracao-verdade nao satisfaz a proposicao.

Problema #2
A valoracao-verdade satisfaz a proposicao.

Problema #3
A valoracao-verdade nao satisfaz o conjunto.

Problema #4
A valoracao-verdade satisfaz a proposicao.

Problema #5
A valoracao-verdade nao satisfaz o conjunto.

Problema #6
A valoracao-verdade satisfaz o conjunto.

Problema #7
A valoracao-verdade nao satisfaz o conjunto.

Problema #8
A valoracao-verdade nao satisfaz a proposicao.

Problema #9
A valoracao-verdade satisfaz a proposicao.

Problema #10
A valoracao-verdade nao satisfaz a proposicao.

Problema #11
A valoracao-verdade satisfaz a proposicao.

Problema #12
A valoracao-verdade nao satisfaz a proposicao.

Problema #13
A valoracao-verdade satisfaz a proposicao.

Problema #14
A valoracao-verdade nao satisfaz a proposicao.

Problema #15
A valoracao-verdade nao satisfaz o conjunto.

Problema #16
A valoracao-verdade satisfaz a proposicao.

Problema #17
A valoracao-verdade nao satisfaz o conjunto.

Problema #18
A valoracao-verdade nao satisfaz o conjunto.

Problema #19
A valoracao-verdade satisfaz a proposicao.

Problema #20
A valoracao-verdade satisfaz o conjunto.

Problema #21
A valoracao-verdade nao satisfaz o conjunto.

Problema #22
A valoracao-verdade satisfaz a proposicao.

Problema #23
A valoracao-verdade nao satisfaz o conjunto.

Problema #24
Ha uma palavra nao legitima no conjunto.

Problema #25
A valoracao-verdade satisfaz a proposicao.

Problema #26
A valoracao-verdade satisfaz o conjunto.

Problema #27
A valoracao-verdade satisfaz a proposicao.

Problema #28
A valoracao-verdade nao satisfaz a proposicao.

Problema #29
Ha uma palavra nao legitima no conjunto.

Problema #30
A valoracao-verdade nao satisfaz o conjunto.

Problema #31
Ha uma palavra nao legitima no conjunto.

Problema #32
A valoracao-verdade satisfaz a proposicao.

Problema #33
A valoracao-verdade nao satisfaz o conjunto.

Problema #34
A valoracao-verdade satisfaz a proposicao.

Problema #35
Ha uma palavra nao legitima no conjunto.

Problema #36
A valoracao-verdade satisfaz a proposicao.

Problema #37
Ha uma palavra nao legitima no conjunto.

Problema #38
A valoracao-verdade satisfaz o conjunto.

Problema #39
A valoracao-verdade satisfaz a proposicao.

Problema #40
A valoracao-verdade satisfaz a proposicao.

Problema #41
A palavra nao e legitima.

Problema #42
A valoracao-verdade satisfaz a proposicao.

Problema #43
A valoracao-verdade nao satisfaz o conjunto.

Problema #44
A palavra nao e legitima.

Problema #45
A valoracao-verdade nao satisfaz o conjunto.

Problema #46
A valoracao-verdade nao satisfaz a proposicao.

Problema #47
A valoracao-verdade satisfaz a proposicao.

Problema #48
A valoracao-verdade nao satisfaz o conjunto.

Problema #49
A valoracao-verdade satisfaz a proposicao.

Problema #50
A valoracao-verdade nao satisfaz o conjunto.

Problema #51
A valoracao-verdade nao satisfaz o conjunto.

Problema #52
A valoracao-verdade nao satisfaz a proposicao.

Problema #53
A valoracao-verdade nao satisfaz a proposicao.

Problema #54
A valoracao-verdade nao satisfaz o conjunto.

Problema #55
A valoracao-verdade satisfaz a proposicao.

Problema #56
A valoracao-verdade satisfaz a proposicao.

Problema #57
A valoracao-verdade satisfaz a proposicao.

Problema #58
A valoracao-verdade satisfaz o conjunto.

Problema #59
A valoracao-verdade satisfaz a proposicao.

Problema #60
A valoracao-verdade satisfaz a proposicao.

Problema #61
A valoracao-verdade nao satisfaz o conjunto.

Problema #62
A valoracao-verdade nao satisfaz a proposicao.

Problema #63
A valoracao-verdade satisfaz a proposicao.

Problema #64
A valoracao-verdade nao satisfaz o conjunto.

Problema #65
Ha uma palavra nao legitima no conjunto.

Problema #66
A valoracao-verdade satisfaz a proposicao.

Problema #67
A valoracao-verdade satisfaz a proposicao.

Problema #68
A valoracao-verdade nao satisfaz o conjunto.

Problema #69
A valoracao-verdade satisfaz a proposicao.

Problema #70
A valoracao-verdade satisfaz a proposicao.

Problema #71
A palavra nao e legitima.

Problema #72
Ha uma palavra nao legitima no conjunto.

Problema #73
A valoracao-verdade nao satisfaz o conjunto.

Problema #74
A valoracao-verdade nao satisfaz o conjunto.

Problema #75
Ha uma palavra nao legitima no conjunto.

Problema #76
A valoracao-verdade satisfaz a proposicao.

Problema #77
A valoracao-verdade satisfaz a proposicao.

Problema #78
A valoracao-verdade satisfaz a proposicao.

Problema #79
A valoracao-verdade nao satisfaz a proposicao.

Problema #80
A valoracao-verdade satisfaz o conjunto.

Problema #81
A valoracao-verdade satisfaz a proposicao.

Problema #82
A valoracao-verdade nao satisfaz o conjunto.

Problema #83
A valoracao-verdade satisfaz a proposicao.

Problema #84
A valoracao-verdade satisfaz a proposicao.

Problema #85
A valoracao-verdade satisfaz a proposicao.

Problema #86
Ha uma palavra nao legitima no conjunto.

Problema #87
A valoracao-verdade nao satisfaz o conjunto.

Problema #88
A valoracao-verdade nao satisfaz o conjunto.

Problema #89
A valoracao-verdade satisfaz a proposicao.

Problema #90
A valoracao-verdade nao satisfaz o conjunto.

Problema #91
A valoracao-verdade satisfaz a proposicao.

Problema #92
A valoracao-verdade nao satisfaz o conjunto.

Problema #93
A valoracao-verdade nao satisfaz o conjunto.

Problema #94
A valoracao-verdade nao satisfaz a proposicao.

Problema #95
A valoracao-verdade satisfaz a proposicao.

Problema #96
A valoracao-verdade satisfaz a proposicao.

Problema #97
A valoracao-verdade satisfaz a proposicao.

Problema #98
A valoracao-verdade satisfaz a proposicao.

Problema #99
A valoracao-verdade nao satisfaz a proposicao.

Problema #100
A valoracao-verdade satisfaz a proposicao.

Problema #101
A valoracao-verdade nao satisfaz o conjunto.

Problema #102
A valoracao-verdade satisfaz o conjunto.

Problema #103
A valoracao-verdade satisfaz a proposicao.

Problema #104
A valoracao-verdade nao satisfaz o conjunto.

Problema #105
A valoracao-verdade nao satisfaz a proposicao.

Problema #106
A valoracao-verdade satisfaz a proposicao.

Problema #107
A valoracao-verdade nao satisfaz o conjunto.

Problema #108
A valoracao-verdade satisfaz o conjunto.

Problema #109
A valoracao-verdade satisfaz o conjunto.

Problema #110
A valoracao-verdade nao satisfaz o conjunto.

Problema #111
A valoracao-verdade satisfaz a proposicao.

Problema #112
A valoracao-verdade satisfaz a proposicao.

Problema #113
A valoracao-verdade satisfaz a proposicao.

Problema #114
A valoracao-verdade satisfaz a proposicao.

Problema #115
A valoracao-verdade nao satisfaz o conjunto.

Problema #116
A palavra nao e legitima.

Problema #117
Ha uma palavra nao legitima no conjunto.

Problema #118
A valoracao-verdade nao satisfaz o conjunto.

Problema #119
A valoracao-verdade nao satisfaz o conjunto.

Problema #120
A valoracao-verdade nao satisfaz a proposicao.

Problema #121
A valoracao-verdade satisfaz a proposicao.

Problema #122
A valoracao-verdade satisfaz a proposicao.

Problema #123
A valoracao-verdade satisfaz a proposicao.

Problema #124
A valoracao-verdade nao satisfaz o conjunto.

Problema #125
A valoracao-verdade satisfaz a proposicao.

Problema #126
A valoracao-verdade nao satisfaz o conjunto.

Problema #127
Ha uma palavra nao legitima no conjunto.

Problema #128
A valoracao-verdade nao satisfaz a proposicao.

Problema #129
A valoracao-verdade satisfaz a proposicao.

Problema #130
A valoracao-verdade satisfaz a proposicao.

Problema #131
A palavra nao e legitima.

Problema #132
A valoracao-verdade satisfaz a proposicao.

Problema #133
A valoracao-verdade satisfaz a proposicao.

Problema #134
A valoracao-verdade nao satisfaz a proposicao.

Problema #135
A valoracao-verdade nao satisfaz o conjunto.

Problema #136
Ha uma palavra nao legitima no conjunto.

Problema #137
A palavra nao e legitima.

Problema #138
A valoracao-verdade nao satisfaz a proposicao.

Problema #139
A valoracao-verdade nao satisfaz o conjunto.

Problema #140
A valoracao-verdade satisfaz a proposicao.

Problema #141
Ha uma palavra nao legitima no conjunto.

Problema #142
A valoracao-verdade nao satisfaz o conjunto.

Problema #143
A valoracao-verdade satisfaz a proposicao.

Problema #144
A valoracao-verdade satisfaz a proposicao.

Problema #145
Ha uma palavra nao legitima no conjunto.

Problema #146
A valoracao-verdade satisfaz a proposicao.

Problema #147
A valoracao-verdade nao satisfaz o conjunto.

Problema #148
A valoracao-verdade satisfaz a proposicao.

Problema #149
A valoracao-verdade nao satisfaz a proposicao.

Problema #150
A valoracao-verdade nao satisfaz a proposicao.

Problema #151
A valoracao-verdade nao satisfaz o conjunto.

Problema #152
A valoracao-verdade satisfaz o conjunto.

Problema #153
A valoracao-verdade nao satisfaz a proposicao.

Problema #154
Ha uma palavra nao legitima no conjunto.

Problema #155
A valoracao-verdade nao satisfaz a proposicao.

Problema #156
A valoracao-verdade satisfaz a proposicao.

Problema #157
A valoracao-verdade satisfaz o conjunto.

Problema #158
A valoracao-verdade nao satisfaz o conjunto.

Problema #159
A valoracao-verdade satisfaz a proposicao.

Problema #160
A valoracao-verdade nao satisfaz o conjunto.

Problema #161
A valoracao-verdade satisfaz a proposicao.

Problema #162
A valoracao-verdade nao satisfaz o conjunto.

Problema #163
A valoracao-verdade nao satisfaz a proposicao.

Problema #164
A valoracao-verdade satisfaz a proposicao.

Problema #165
A palavra nao e legitima.

Problema #166
A valoracao-verdade satisfaz a proposicao.

Problema #167
Ha uma palavra nao legitima no conjunto.

Problema #168
A valoracao-verdade satisfaz a proposicao.

Problema #169
A valoracao-verdade nao satisfaz a proposicao.

Problema #170
A valoracao-verdade satisfaz o conjunto.

Problema #171
Ha uma palavra nao legitima no conjunto.

Problema #172
A valoracao-verdade satisfaz a proposicao.

Problema #173
A valoracao-verdade satisfaz a proposicao.

Problema #174
A valoracao-verdade satisfaz a proposicao.

Problema #175
A palavra nao e legitima.

Problema #176
A palavra nao e legitima.

Problema #177
Ha uma palavra nao legitima no conjunto.

Problema #178
A valoracao-verdade nao satisfaz o conjunto.

Problema #179
A valoracao-verdade satisfaz o conjunto.

Problema #180
A valoracao-verdade satisfaz a proposicao.

Problema #181
A valoracao-verdade satisfaz a proposicao.

Problema #182
A valoracao-verdade satisfaz a proposicao.

Problema #183
A valoracao-verdade satisfaz a proposicao.

Problema #184
A valoracao-verdade satisfaz a proposicao.

Problema #185
Ha uma palavra nao legitima no conjunto.

Problema #186
A valoracao-verdade nao satisfaz o conjunto.

Problema #187
A valoracao-verdade satisfaz a proposicao.

Problema #188
A valoracao-verdade satisfaz a proposicao.

Problema #189
A valoracao-verdade nao satisfaz a proposicao.

Problema #190
A valoracao-verdade satisfaz o conjunto.

Problema #191
A valoracao-verdade satisfaz a proposicao.

Problema #192
A valoracao-verdade satisfaz a proposicao.

Problema #193
A valoracao-verdade nao satisfaz a proposicao.

Problema #194
A valoracao-verdade satisfaz a proposicao.

Problema #195
A valoracao-verdade nao satisfaz a proposicao.

Problema #196
A valoracao-verdade satisfaz a proposicao.

Problema #197
A valoracao-verdade nao satisfaz a proposicao.

Problema #198
A valoracao-verdade nao satisfaz a proposicao.

Problema #199
A valoracao-verdade satisfaz a proposicao.

Problema #200
A valoracao-verdade satisfaz o conjunto.

Problema #201
A valoracao-verdade satisfaz a proposicao.

Problema #202
A valoracao-verdade nao satisfaz o conjunto.

Problema #203
Ha uma palavra nao legitima no conjunto.

Problema #204
A valoracao-verdade nao satisfaz a proposicao.

Problema #205
A valoracao-verdade nao satisfaz o conjunto.

Problema #206
Ha uma palavra nao legitima no conjunto.

Problema #207
A valoracao-verdade nao satisfaz o conjunto.

Problema #208
A valoracao-verdade nao satisfaz o conjunto.

Problema #209
Ha uma palavra nao legitima no conjunto.

Problema #210
A valoracao-verdade satisfaz o conjunto.

Problema #211
A valoracao-verdade nao satisfaz o conjunto.

Problema #212
A valoracao-verdade nao satisfaz a proposicao.

Problema #213
A valoracao-verdade nao satisfaz a proposicao.

Problema #214
A valoracao-verdade satisfaz o conjunto.

Problema #215
A valoracao-verdade nao satisfaz o conjunto.

Problema #216
A valoracao-verdade nao satisfaz o conjunto.

Problema #217
A valoracao-verdade nao satisfaz a proposicao.

Problema #218
A valoracao-verdade nao satisfaz a proposicao.

Problema #219
A valoracao-verdade nao satisfaz o conjunto.

Problema #220
A valoracao-verdade nao satisfaz o conjunto.

Problema #221
A valoracao-verdade nao satisfaz o conjunto.

Problema #222
A valoracao-verdade satisfaz o conjunto.

Problema #223
A valoracao-verdade nao satisfaz o conjunto.

Problema #224
A valoracao-verdade satisfaz a proposicao.

Problema #225
A valoracao-verdade nao satisfaz o conjunto.

Problema #226
A valoracao-verdade nao satisfaz a proposicao.

Problema #227
A valoracao-verdade satisfaz a proposicao.

Problema #228
A valoracao-verdade satisfaz o conjunto.

Problema #229
A valoracao-verdade nao satisfaz a proposicao.

Problema #230
A valoracao-verdade nao satisfaz a proposicao.

Problema #231
A valoracao-verdade nao satisfaz a proposicao.

Problema #232
A valoracao-verdade nao satisfaz o conjunto.

Problema #233
A valoracao-verdade nao satisfaz o conjunto.

Problema #234
A valoracao-verdade satisfaz a proposicao.

Problema #235
A valoracao-verdade nao satisfaz o conjunto.

Problema #236
A valoracao-verdade satisfaz a proposicao.

Problema #237
A valoracao-verdade satisfaz a proposicao.

Problema #238
Ha uma palavra nao legitima no conjunto.

Problema #239
A valoracao-verdade nao satisfaz o conjunto.

Problema #240
Ha uma palavra nao legitima no conjunto.

Problema #241
A valoracao-verdade nao satisfaz o conjunto.

Problema #242
A valoracao-verdade nao satisfaz o conjunto.

Problema #243
Ha uma palavra nao legitima no conjunto.

Problema #244
A valoracao-verdade nao satisfaz a proposicao.

Problema #245
A valoracao-verdade satisfaz a proposicao.

Problema #246
A valoracao-verdade satisfaz a proposicao.

Problema #247
A valoracao-verdade nao satisfaz a proposicao.

Problema #248
A valoracao-verdade nao satisfaz a proposicao.

Problema #249
A valoracao-verdade nao satisfaz a proposicao.

Problema #250
Ha uma palavra nao legitima no conjunto.

Problema #251
A valoracao-verdade satisfaz o conjunto.

Problema #252
A valoracao-verdade satisfaz a proposicao.

Problema #253
A valoracao-verdade nao satisfaz o conjunto.

Problema #254
A valoracao-verdade nao satisfaz a proposicao.

Problema #255
A valoracao-verdade satisfaz o conjunto.

Problema #256
A valoracao-verdade satisfaz o conjunto.

Problema #257
A valoracao-verdade satisfaz o conjunto.

Problema #258
A valoracao-verdade nao satisfaz o conjunto.

Problema #259
Ha uma palavra nao legitima no conjunto.

Problema #260
A valoracao-verdade nao satisfaz o conjunto.

Problema #261
A valoracao-verdade satisfaz a proposicao.

Problema #262
A valoracao-verdade nao satisfaz o conjunto.

Problema #263
A valoracao-verdade nao satisfaz o conjunto.

Problema #264
A valoracao-verdade satisfaz a proposicao.

Problema #265
A valoracao-verdade satisfaz a proposicao.

Problema #266
A valoracao-verdade satisfaz o conjunto.

Problema #267
Ha uma palavra nao legitima no conjunto.

Problema #268
A valoracao-verdade nao satisfaz a proposicao.

Problema #269
A valoracao-verdade satisfaz a proposicao.

Problema #270
A valoracao-verdade satisfaz a proposicao.

Problema #271
A valoracao-verdade satisfaz a proposicao.

Problema #272
A valoracao-verdade nao satisfaz o conjunto.

Problema #273
Ha uma palavra nao legitima no conjunto.

Problema #274
A valoracao-verdade nao satisfaz o conjunto.

Problema #275
A valoracao-verdade nao satisfaz a proposicao.

Problema #276
A valoracao-verdade satisfaz a proposicao.

Problema #277
A valoracao-verdade nao satisfaz a proposicao.

Problema #278
A valoracao-verdade satisfaz a proposicao.

Problema #279
A valoracao-verdade nao satisfaz a proposicao.

Problema #280
A valoracao-verdade nao satisfaz o conjunto.

Problema #281
A valoracao-verdade nao satisfaz o conjunto.

Problema #282
A valoracao-verdade nao satisfaz a proposicao.

Problema #283
A valoracao-verdade nao satisfaz o conjunto.

Problema #284
A valoracao-verdade satisfaz a proposicao.

Problema #285
A valoracao-verdade nao satisfaz a proposicao.

Problema #286
A valoracao-verdade nao satisfaz o conjunto.

Problema #287
A valoracao-verdade nao satisfaz a proposicao.

Problema #288
A palavra nao e legitima.

Problema #289
A valoracao-verdade nao satisfaz a proposicao.

Problema #290
A valoracao-verdade satisfaz a proposicao.

Problema #291
Ha uma palavra nao legitima no conjunto.

Problema #292
A valoracao-verdade nao satisfaz a proposicao.

Problema #293
Ha uma palavra nao legitima no conjunto.

Problema #294
A valoracao-verdade nao satisfaz a proposicao.

Problema #295
A valoracao-verdade nao satisfaz a proposicao.

Problema #296
A valoracao-verdade nao satisfaz o conjunto.

Problema #297
A valoracao-verdade nao satisfaz o conjunto.

Problema #298
A valoracao-verdade nao satisfaz o conjunto.

Problema #299
Ha uma palavra nao legitima no conjunto.

Problema #300
Ha uma palavra nao legitima no conjunto.

Problema #301
A valoracao-verdade satisfaz a proposicao.

Problema #302
A valoracao-verdade nao satisfaz o conjunto.

Problema #303
A valoracao-verdade nao satisfaz a proposicao.

Problema #304
A valoracao-verdade nao satisfaz a proposicao.

Problema #305
A valoracao-verdade satisfaz a proposicao.

Problema #306
A valoracao-verdade nao satisfaz o conjunto.

Problema #307
A valoracao-verdade satisfaz a proposicao.

Problema #308
A valoracao-verdade nao satisfaz o conjunto.

Problema #309
A valoracao-verdade satisfaz a proposicao.

Problema #310
A valoracao-verdade satisfaz a proposicao.

Problema #311
A valoracao-verdade nao satisfaz a proposicao.

Problema #312
A valoracao-verdade nao satisfaz a proposicao.

Problema #313
A valoracao-verdade nao satisfaz a proposicao.

Problema #314
A palavra nao e legitima.

Problema #315
A valoracao-verdade nao satisfaz a proposicao.

Problema #316
A valoracao-verdade satisfaz a proposicao.

Problema #317
Ha uma palavra nao legitima no conjunto.

Problema #318
A valoracao-verdade satisfaz a proposicao.

Problema #319
A valoracao-verdade nao satisfaz a proposicao.

Problema #320
A valoracao-verdade satisfaz a proposicao.

Problema #321
Ha uma palavra nao legitima no conjunto.

Problema #322
A valoracao-verdade nao satisfaz o conjunto.

Problema #323
A valoracao-verdade satisfaz a proposicao.

Problema #324
A valoracao-verdade satisfaz a proposicao.

Problema #325
A valoracao-verdade satisfaz a proposicao.

Problema #326
A valoracao-verdade satisfaz a proposicao.

Problema #327
A valoracao-verdade satisfaz a proposicao.

Problema #328
A valoracao-verdade nao satisfaz o conjunto.

Problema #329
A valoracao-verdade nao satisfaz a proposicao.

Problema #330
A valoracao-verdade nao satisfaz a proposicao.

Problema #331
A valoracao-verdade nao satisfaz o conjunto.

Problema #332
A valoracao-verdade satisfaz a proposicao.

Problema #333
Ha uma palavra nao legitima no conjunto.

Problema #334
A valoracao-verdade nao satisfaz o conjunto.

Problema #335
A valoracao-verdade nao satisfaz o conjunto.

Problema #336
A valoracao-verdade nao satisfaz o conjunto.

Problema #337
A valoracao-verdade satisfaz o conjunto.

Problema #338
A valoracao-verdade satisfaz a proposicao.

Problema #339
A valoracao-verdade nao satisfaz o conjunto.

Problema #340
A valoracao-verdade satisfaz a proposicao.

Problema #341
A valoracao-verdade nao satisfaz a proposicao.

Problema #342
A palavra nao e legitima.

Problema #343
A valoracao-verdade satisfaz a proposicao.

Problema #344
A valoracao-verdade nao satisfaz o conjunto.

Problema #345
A valoracao-verdade satisfaz o conjunto.

Problema #346
A valoracao-verdade nao satisfaz o conjunto.

Problema #347
A valoracao-verdade satisfaz o conjunto.

Problema #348
A valoracao-verdade satisfaz a proposicao.

Problema #349
Ha uma palavra nao legitima no conjunto.

Problema #350
A valoracao-verdade satisfaz a proposicao.

Problema #351
A valoracao-verdade satisfaz a proposicao.

Problema #352
A valoracao-verdade satisfaz a proposicao.

Problema #353
A valoracao-verdade nao satisfaz o conjunto.

Problema #354
A valoracao-verdade satisfaz o conjunto.

Problema #355
A palavra nao e legitima.

Problema #356
A valoracao-verdade satisfaz a proposicao.

Problema #357
A valoracao-verdade satisfaz a proposicao.

Problema #358
A valoracao-verdade nao satisfaz o conjunto.

Problema #359
A valoracao-verdade satisfaz a proposicao.

Problema #360
A valoracao-verdade satisfaz a proposicao.

Problema #361
A valoracao-verdade satisfaz o conjunto.

Problema #362
A valoracao-verdade nao satisfaz a proposicao.

Problema #363
A valoracao-verdade satisfaz a proposicao.

Problema #364
A valoracao-verdade satisfaz a proposicao.

Problema #365
A valoracao-verdade nao satisfaz o conjunto.

Problema #366
A valoracao-verdade nao satisfaz o conjunto.

Problema #367
A valoracao-verdade satisfaz a proposicao.

Problema #368
A valoracao-verdade nao satisfaz a proposicao.

Problema #369
A valoracao-verdade satisfaz a proposicao.

Problema #370
A valoracao-verdade satisfaz a proposicao.

Problema #371
A valoracao-verdade nao satisfaz a proposicao.

Problema #372
A valoracao-verdade satisfaz a proposicao.

Problema #373
A valoracao-verdade satisfaz a proposicao.

Problema #374
A valoracao-verdade nao satisfaz a proposicao.

Problema #375
A valoracao-verdade satisfaz a proposicao.

Problema #376
A valoracao-verdade nao satisfaz a proposicao.

Problema #377
A valoracao-verdade nao satisfaz a proposicao.

Problema #378
A valoracao-verdade nao satisfaz o conjunto.

Problema #379
A valoracao-verdade satisfaz a proposicao.

Problema #380
A valoracao-verdade satisfaz a proposicao.

Problema #381
A valoracao-verdade satisfaz a proposicao.

Problema #382
A valoracao-verdade nao satisfaz a proposicao.

Problema #383
A valoracao-verdade nao satisfaz a proposicao.

Problema #384
A palavra nao e legitima.

Problema #385
A valoracao-verdade satisfaz a proposicao.

Problema #386
A valoracao-verdade nao satisfaz a proposicao.

Problema #387
A valoracao-verdade satisfaz a proposicao.

Problema #388
A valoracao-verdade satisfaz a proposicao.

Problema #389
A valoracao-verdade satisfaz a proposicao.

Problema #390
A valoracao-verdade satisfaz a proposicao.

Problema #391
A valoracao-verdade satisfaz a proposicao.

Problema #392
A valoracao-verdade nao satisfaz o conjunto.

Problema #393
A valoracao-verdade satisfaz a proposicao.

Problema #394
A valoracao-verdade satisfaz a proposicao.

Problema #395
A valoracao-verdade nao satisfaz a proposicao.

Problema #396
Ha uma palavra nao legitima no conjunto.

Problema #397
A valoracao-verdade satisfaz a proposicao.

Problema #398
A valoracao-verdade nao satisfaz a proposicao.

Problema #399
A valoracao-verdade nao satisfaz o conjunto.

Problema #400
A valoracao-verdade satisfaz a proposicao.

Problema #401
A valoracao-verdade nao satisfaz o conjunto.

Problema #402
A valoracao-verdade nao satisfaz a proposicao.

Problema #403
A valoracao-verdade satisfaz a proposicao.

Problema #404
A valoracao-verdade nao satisfaz a proposicao.

Problema #405
A palavra nao e legitima.

Problema #406
A palavra nao e legitima.

Problema #407
A valoracao-verdade nao satisfaz o conjunto.

Problema #408
A valoracao-verdade satisfaz a proposicao.

Problema #409
A valoracao-verdade satisfaz a proposicao.

Problema #410
A valoracao-verdade satisfaz a proposicao.

Problema #411
A valoracao-verdade nao satisfaz o conjunto.

Problema #412
A valoracao-verdade nao satisfaz o conjunto.

Problema #413
A valoracao-verdade satisfaz a proposicao.

Problema #414
A valoracao-verdade satisfaz o conjunto.

Problema #415
Ha uma palavra nao legitima no conjunto.

Problema #416
A valoracao-verdade satisfaz a proposicao.

Problema #417
Ha uma palavra nao legitima no conjunto.

Problema #418
A valoracao-verdade satisfaz a proposicao.

Problema #419
A valoracao-verdade nao satisfaz a proposicao.

Problema #420
A valoracao-verdade nao satisfaz o conjunto.

Problema #421
A valoracao-verdade nao satisfaz o conjunto.

Problema #422
A valoracao-verdade satisfaz a proposicao.

Problema #423
Ha uma palavra nao legitima no conjunto.

Problema #424
Ha uma palavra nao legitima no conjunto.

Problema #425
A valoracao-verdade satisfaz a proposicao.

Problema #426
Ha uma palavra nao legitima no conjunto.

Problema #427
Ha uma palavra nao legitima no conjunto.

Problema #428
Ha uma palavra nao legitima no conjunto.

Problema #429
A valoracao-verdade nao satisfaz o conjunto.

Problema #430
A valoracao-verdade satisfaz a proposicao.

Problema #431
A valoracao-verdade nao satisfaz o conjunto.

Problema #432
A valoracao-verdade satisfaz a proposicao.

Problema #433
A valoracao-verdade satisfaz a proposicao.

Problema #434
A valoracao-verdade nao satisfaz a proposicao.

Problema #435
A valoracao-verdade nao satisfaz o conjunto.

Problema #436
A valoracao-verdade nao satisfaz a proposicao.

Problema #437
A valoracao-verdade satisfaz a proposicao.

Problema #438
A valoracao-verdade nao satisfaz a proposicao.

Problema #439
Ha uma palavra nao legitima no conjunto.

Problema #440
A valoracao-verdade satisfaz a proposicao.

Problema #441
Ha uma palavra nao legitima no conjunto.

Problema #442
A valoracao-verdade satisfaz a proposicao.

Problema #443
Ha uma palavra nao legitima no conjunto.

Problema #444
A valoracao-verdade nao satisfaz o conjunto.

Problema #445
A valoracao-verdade nao satisfaz a proposicao.

Problema #446
Ha uma palavra nao legitima no conjunto.

Problema #447
A valoracao-verdade satisfaz a proposicao.

Problema #448
A valoracao-verdade nao satisfaz o conjunto.

Problema #449
A palavra nao e legitima.

Problema #450
A valoracao-verdade satisfaz a proposicao.

Problema #451
A valoracao-verdade nao satisfaz a proposicao.

Problema #452
A valoracao-verdade satisfaz a proposicao.

Problema #453
A palavra nao e legitima.

Problema #454
A valoracao-verdade satisfaz o conjunto.

Problema #455
A valoracao-verdade nao satisfaz a proposicao.

Problema #456
A valoracao-verdade nao satisfaz a proposicao.

Problema #457
A valoracao-verdade nao satisfaz a proposicao.

Problema #458
A valoracao-verdade nao satisfaz o conjunto.

Problema #459
A palavra nao e legitima.

Problema #460
A valoracao-verdade nao satisfaz a proposicao.

Problema #461
A valoracao-verdade satisfaz a proposicao.

Problema #462
A valoracao-verdade nao satisfaz a proposicao.

Problema #463
A valoracao-verdade nao satisfaz a proposicao.

Problema #464
A valoracao-verdade satisfaz a proposicao.

Problema #465
A valoracao-verdade satisfaz o conjunto.

Problema #466
A valoracao-verdade satisfaz a proposicao.

Problema #467
A valoracao-verdade nao satisfaz o conjunto.

Problema #468
A valoracao-verdade nao satisfaz a proposicao.

Problema #469
A valoracao-verdade satisfaz a proposicao.

Problema #470
A valoracao-verdade nao satisfaz o conjunto.

Problema #471
A valoracao-verdade nao satisfaz o conjunto.

Problema #472
A valoracao-verdade nao satisfaz o conjunto.

Problema #473
A valoracao-verdade nao satisfaz o conjunto.

Problema #474
A valoracao-verdade satisfaz a proposicao.

Problema #475
A valoracao-verdade nao satisfaz a proposicao.

Problema #476
A valoracao-verdade nao satisfaz a proposicao.

Problema #477
A valoracao-verdade nao satisfaz o conjunto.

Problema #478
A valoracao-verdade nao satisfaz a proposicao.

Problema #479
A valoracao-verdade satisfaz a proposicao.

Problema #480
A valoracao-verdade satisfaz a proposicao.

Problema #481
A valoracao-verdade satisfaz a proposicao.

Problema #482
A valoracao-verdade nao satisfaz a proposicao.

Problema #483
A valoracao-verdade nao satisfaz o conjunto.

Problema #484
A valoracao-verdade nao satisfaz o conjunto.

Problema #485
A valoracao-verdade satisfaz a proposicao.

Problema #486
A valoracao-verdade nao satisfaz o conjunto.

Problema #487
A valoracao-verdade nao satisfaz o conjunto.

Problema #488
A valoracao-verdade nao satisfaz o conjunto.

Problema #489
A valoracao-verdade satisfaz o conjunto.

Problema #490
A valoracao-verdade nao satisfaz o conjunto.

Problema #491
A valoracao-verdade nao satisfaz a proposicao.

Problema #492
A valoracao-verdade nao satisfaz o conjunto.

Problema #493
A valoracao-verdade satisfaz o conjunto.

Problema #494
Ha uma palavra nao legitima no conjunto.

Problema #495
A valoracao-verdade nao satisfaz o conjunto.

Problema #496
A valoracao-verdade satisfaz a proposicao.

Problema #497
A valoracao-verdade satisfaz a proposicao.

Problema #498
A valoracao-verdade satisfaz a proposicao.

Problema #499
A palavra nao e legitima.

Problema #500
A valoracao-verdade satisfaz a proposicao.
