Problema #1
Ha uma palavra nao legitima no conjunto.

Problema #2
A palavra nao e legitima.

Problema #3
Ha uma palavra nao legitima no conjunto.

Problema #4
Ha uma palavra nao legitima no conjunto.

Problema #5
A palavra nao e legitima.

Problema #6
A palavra nao e legitima.

Problema #7
A palavra nao e legitima.

Problema #8
A palavra nao e legitima.

Problema #9
A palavra nao e legitima.

Problema #10
A palavra nao e legitima.

Problema #11
Ha uma palavra nao legitima no conjunto.

Problema #12
A palavra nao e legitima.

Problema #13
A palavra nao e legitima.

Problema #14
Ha uma palavra nao legitima no conjunto.

Problema #15
A palavra nao e legitima.

Problema #16
A palavra nao e legitima.

Problema #17
A palavra nao e legitima.

Problema #18
Ha uma palavra nao legitima no conjunto.

Problema #19
Ha uma palavra nao legitima no conjunto.

Problema #20
A palavra nao e legitima.

Problema #21
Ha uma palavra nao legitima no conjunto.

Problema #22
A palavra nao e legitima.

Problema #23
Ha uma palavra nao legitima no conjunto.

Problema #24
A palavra nao e legitima.

Problema #25
Ha uma palavra nao legitima no conjunto.

Problema #26
A palavra nao e legitima.

Problema #27
A palavra nao e legitima.

Problema #28
Ha uma palavra nao legitima no conjunto.

Problema #29
Ha uma palavra nao legitima no conjunto.

Problema #30
Ha uma palavra nao legitima no conjunto.

Problema #31
A valoracao-verdade satisfaz a proposicao.

Problema #32
A palavra nao e legitima.

Problema #33
Ha uma palavra nao legitima no conjunto.

Problema #34
Ha uma palavra nao legitima no conjunto.

Problema #35
A palavra nao e legitima.

Problema #36
A palavra nao e legitima.

Problema #37
A palavra nao e legitima.

Problema #38
A palavra nao e legitima.

Problema #39
Ha uma palavra nao legitima no conjunto.

Problema #40
A palavra nao e legitima.

Problema #41
A palavra nao e legitima.

Problema #42
A palavra nao e legitima.

Problema #43
A palavra nao e legitima.

Problema #44
Ha uma palavra nao legitima no conjunto.

Problema #45
A palavra nao e legitima.

Problema #46
Ha uma palavra nao legitima no conjunto.

Problema #47
A palavra nao e legitima.

Problema #48
A palavra nao e legitima.

Problema #49
A palavra nao e legitima.

Problema #50
A palavra nao e legitima.

Problema #51
A palavra nao e legitima.

Problema #52
Ha uma palavra nao legitima no conjunto.

Problema #53
A palavra nao e legitima.

Problema #54
Ha uma palavra nao legitima no conjunto.

Problema #55
Ha uma palavra nao legitima no conjunto.

Problema #56
Ha uma palavra nao legitima no conjunto.

Problema #57
A palavra nao e legitima.

Problema #58
Ha uma palavra nao legitima no conjunto.

Problema #59
Ha uma palavra nao legitima no conjunto.

Problema #60
Ha uma palavra nao legitima no conjunto.

Problema #61
A palavra nao e legitima.

Problema #62
Ha uma palavra nao legitima no conjunto.

Problema #63
Ha uma palavra nao legitima no conjunto.

Problema #64
A palavra nao e legitima.

Problema #65
Ha uma palavra nao legitima no conjunto.

Problema #66
Ha uma palavra nao legitima no conjunto.

Problema #67
A palavra nao e legitima.

Problema #68
Ha uma palavra nao legitima no conjunto.

Problema #69
A palavra nao e legitima.

Problema #70
Ha uma palavra nao legitima no conjunto.

Problema #71
A palavra nao e legitima.

Problema #72
A palavra nao e legitima.

Problema #73
Ha uma palavra nao legitima no conjunto.

Problema #74
A palavra nao e legitima.

Problema #75
Ha uma palavra nao legitima no conjunto.

Problema #76
Ha uma palavra nao legitima no conjunto.

Problema #77
A palavra nao e legitima.

Problema #78
A palavra nao e legitima.

Problema #79
Ha uma palavra nao legitima no conjunto.

Problema #80
A palavra nao e legitima.

Problema #81
A palavra nao e legitima.

Problema #82
A palavra nao e legitima.

Problema #83
Ha uma palavra nao legitima no conjunto.

Problema #84
Ha uma palavra nao legitima no conjunto.

Problema #85
Ha uma palavra nao legitima no conjunto.

Problema #86
Ha uma palavra nao legitima no conjunto.

Problema #87
Ha uma palavra nao legitima no conjunto.

Problema #88
A palavra nao e legitima.

Problema #89
A palavra nao e legitima.

Problema #90
A palavra nao e legitima.

Problema #91
Ha uma palavra nao legitima no conjunto.

Problema #92
A palavra nao e legitima.

Problema #93
Ha uma palavra nao legitima no conjunto.

Problema #94
A palavra nao e legitima.

Problema #95
A palavra nao e legitima.

Problema #96
Ha uma palavra nao legitima no conjunto.

Problema #97
A valoracao-verdade satisfaz o conjunto.

Problema #98
Ha uma palavra nao legitima no conjunto.

Problema #99
Ha uma palavra nao legitima no conjunto.

Problema #100
A palavra nao e legitima.

Problema #101
Ha uma palavra nao legitima no conjunto.

Problema #102
A palavra nao e legitima.

Problema #103
Ha uma palavra nao legitima no conjunto.

Problema #104
A palavra nao e legitima.

Problema #105
Ha uma palavra nao legitima no conjunto.

Problema #106
Ha uma palavra nao legitima no conjunto.

Problema #107
Ha uma palavra nao legitima no conjunto.

Problema #108
A palavra nao e legitima.

Problema #109
A palavra nao e legitima.

Problema #110
Ha uma palavra nao legitima no conjunto.

Problema #111
Ha uma palavra nao legitima no conjunto.

Problema #112
Ha uma palavra nao legitima no conjunto.

Problema #113
A palavra nao e legitima.

Problema #114
A palavra nao e legitima.

Problema #115
A palavra nao e legitima.

Problema #116
A palavra nao e legitima.

Problema #117
Ha uma palavra nao legitima no conjunto.

Problema #118
A palavra nao e legitima.

Problema #119
A palavra nao e legitima.

Problema #120
Ha uma palavra nao legitima no conjunto.

Problema #121
Ha uma palavra nao legitima no conjunto.

Problema #122
Ha uma palavra nao legitima no conjunto.

Problema #123
Ha uma palavra nao legitima no conjunto.

Problema #124
A palavra nao e legitima.

Problema #125
Ha uma palavra nao legitima no conjunto.

Problema #126
A palavra nao e legitima.

Problema #127
A palavra nao e legitima.

Problema #128
A palavra nao e legitima.

Problema #129
A palavra nao e legitima.

Problema #130
A palavra nao e legitima.

Problema #131
Ha uma palavra nao legitima no conjunto.

Problema #132
Ha uma palavra nao legitima no conjunto.

Problema #133
A palavra nao e legitima.

Problema #134
A palavra nao e legitima.

Problema #135
A palavra nao e legitima.

Problema #136
Ha uma palavra nao legitima no conjunto.

Problema #137
A palavra nao e legitima.

Problema #138
Ha uma palavra nao legitima no conjunto.

Problema #139
A palavra nao e legitima.

Problema #140
A palavra nao e legitima.

Problema #141
Ha uma palavra nao legitima no conjunto.

Problema #142
Ha uma palavra nao legitima no conjunto.

Problema #143
Ha uma palavra nao legitima no conjunto.

Problema #144
A palavra nao e legitima.

Problema #145
A palavra nao e legitima.

Problema #146
A palavra nao e legitima.

Problema #147
Ha uma palavra nao legitima no conjunto.

Problema #148
A palavra nao e legitima.

Problema #149
A palavra nao e legitima.

Problema #150
A palavra nao e legitima.

Problema #151
A palavra nao e legitima.

Problema #152
A palavra nao e legitima.

Problema #153
A palavra nao e legitima.

Problema #154
A palavra nao e legitima.

Problema #155
Ha uma palavra nao legitima no conjunto.

Problema #156
Ha uma palavra nao legitima no conjunto.

Problema #157
A palavra nao e legitima.

Problema #158
Ha uma palavra nao legitima no conjunto.

Problema #159
A palavra nao e legitima.

Problema #160
Ha uma palavra nao legitima no conjunto.

Problema #161
Ha uma palavra nao legitima no conjunto.

Problema #162
Ha uma palavra nao legitima no conjunto.

Problema #163
A palavra nao e legitima.

Problema #164
Ha uma palavra nao legitima no conjunto.

Problema #165
A palavra nao e legitima.

Problema #166
A palavra nao e legitima.

Problema #167
A valoracao-verdade satisfaz a proposicao.

Problema #168
A palavra nao e legitima.

Problema #169
Ha uma palavra nao legitima no conjunto.

Problema #170
Ha uma palavra nao legitima no conjunto.

Problema #171
A palavra nao e legitima.

Problema #172
Ha uma palavra nao legitima no conjunto.

Problema #173
A palavra nao e legitima.

Problema #174
A palavra nao e legitima.

Problema #175
A palavra nao e legitima.

Problema #176
Ha uma palavra nao legitima no conjunto.

Problema #177
Ha uma palavra nao legitima no conjunto.

Problema #178
A palavra nao e legitima.

Problema #179
Ha uma palavra nao legitima no conjunto.

Problema #180
A palavra nao e legitima.

Problema #181
Ha uma palavra nao legitima no conjunto.

Problema #182
A palavra nao e legitima.

Problema #183
Ha uma palavra nao legitima no conjunto.

Problema #184
A palavra nao e legitima.

Problema #185
Ha uma palavra nao legitima no conjunto.

Problema #186
A palavra nao e legitima.

Problema #187
Ha uma palavra nao legitima no conjunto.

Problema #188
A palavra nao e legitima.

Problema #189
Ha uma palavra nao legitima no conjunto.

Problema #190
Ha uma palavra nao legitima no conjunto.

Problema #191
A palavra nao e legitima.

Problema #192
A palavra nao e legitima.

Problema #193
Ha uma palavra nao legitima no conjunto.

Problema #194
Ha uma palavra nao legitima no conjunto.

Problema #195
Ha uma palavra nao legitima no conjunto.

Problema #196
A palavra nao e legitima.

Problema #197
Ha uma palavra nao legitima no conjunto.

Problema #198
Ha uma palavra nao legitima no conjunto.

Problema #199
Ha uma palavra nao legitima no conjunto.

Problema #200
A palavra nao e legitima.

Problema #201
A palavra nao e legitima.

Problema #202
Ha uma palavra nao legitima no conjunto.

Problema #203
Ha uma palavra nao legitima no conjunto.

Problema #204
Ha uma palavra nao legitima no conjunto.

Problema #205
A palavra nao e legitima.

Problema #206
Ha uma palavra nao legitima no conjunto.

Problema #207
A palavra nao e legitima.

Problema #208
A palavra nao e legitima.

Problema #209
A palavra nao e legitima.

Problema #210
Ha uma palavra nao legitima no conjunto.

Problema #211
Ha uma palavra nao legitima no conjunto.

Problema #212
A palavra nao e legitima.

Problema #213
A palavra nao e legitima.

Problema #214
A palavra nao e legitima.

Problema #215
A palavra nao e legitima.

Problema #216
Ha uma palavra nao legitima no conjunto.

Problema #217
A palavra nao e legitima.

Problema #218
Ha uma palavra nao legitima no conjunto.

Problema #219
Ha uma palavra nao legitima no conjunto.

Problema #220
Ha uma palavra nao legitima no conjunto.

Problema #221
A palavra nao e legitima.

Problema #222
Ha uma palavra nao legitima no conjunto.

Problema #223
Ha uma palavra nao legitima no conjunto.

Problema #224
A palavra nao e legitima.

Problema #225
A palavra nao e legitima.

Problema #226
Ha uma palavra nao legitima no conjunto.

Problema #227
A palavra nao e legitima.

Problema #228
Ha uma palavra nao legitima no conjunto.

Problema #229
Ha uma palavra nao legitima no conjunto.

Problema #230
A palavra nao e legitima.

Problema #231
A palavra nao e legitima.

Problema #232
A palavra nao e legitima.

Problema #233
A palavra nao e legitima.

Problema #234
Ha uma palavra nao legitima no conjunto.

Problema #235
A palavra nao e legitima.

Problema #236
A palavra nao e legitima.

Problema #237
Ha uma palavra nao legitima no conjunto.

Problema #238
A palavra nao e legitima.

Problema #239
A palavra nao e legitima.

Problema #240
A palavra nao e legitima.

Problema #241
Ha uma palavra nao legitima no conjunto.

Problema #242
A palavra nao e legitima.

Problema #243
Ha uma palavra nao legitima no conjunto.

Problema #244
A palavra nao e legitima.

Problema #245
A palavra nao e legitima.

Problema #246
A palavra nao e legitima.

Problema #247
A palavra nao e legitima.

Problema #248
A palavra nao e legitima.

Problema #249
Ha uma palavra nao legitima no conjunto.

Problema #250
Ha uma palavra nao legitima no conjunto.

Problema #251
A palavra nao e legitima.

Problema #252
Ha uma palavra nao legitima no conjunto.

Problema #253
A palavra nao e legitima.

Problema #254
A palavra nao e legitima.

Problema #255
A palavra nao e legitima.

Problema #256
Ha uma palavra nao legitima no conjunto.

Problema #257
A palavra nao e legitima.

Problema #258
A palavra nao e legitima.

Problema #259
Ha uma palavra nao legitima no conjunto.

Problema #260
Ha uma palavra nao legitima no conjunto.

Problema #261
A palavra nao e legitima.

Problema #262
Ha uma palavra nao legitima no conjunto.

Problema #263
Ha uma palavra nao legitima no conjunto.

Problema #264
Ha uma palavra nao legitima no conjunto.

Problema #265
A palavra nao e legitima.

Problema #266
A palavra nao e legitima.

Problema #267
A palavra nao e legitima.

Problema #268
A palavra nao e legitima.

Problema #269
Ha uma palavra nao legitima no conjunto.

Problema #270
A palavra nao e legitima.

Problema #271
A palavra nao e legitima.

Problema #272
A palavra nao e legitima.

Problema #273
A palavra nao e legitima.

Problema #274
Ha uma palavra nao legitima no conjunto.

Problema #275
A palavra nao e legitima.

Problema #276
A palavra nao e legitima.

Problema #277
A palavra nao e legitima.

Problema #278
Ha uma palavra nao legitima no conjunto.

Problema #279
Ha uma palavra nao legitima no conjunto.

Problema #280
A palavra nao e legitima.

Problema #281
Ha uma palavra nao legitima no conjunto.

Problema #282
Ha uma palavra nao legitima no conjunto.

Problema #283
Ha uma palavra nao legitima no conjunto.

Problema #284
A palavra nao e legitima.

Problema #285
A palavra nao e legitima.

Problema #286
Ha uma palavra nao legitima no conjunto.

Problema #287
Ha uma palavra nao legitima no conjunto.

Problema #288
A palavra nao e legitima.

Problema #289
A palavra nao e legitima.

Problema #290
Ha uma palavra nao legitima no conjunto.

Problema #291
Ha uma palavra nao legitima no conjunto.

Problema #292
Ha uma palavra nao legitima no conjunto.

Problema #293
A palavra nao e legitima.

Problema #294
Ha uma palavra nao legitima no conjunto.

Problema #295
A palavra nao e legitima.

Problema #296
A palavra nao e legitima.

Problema #297
Ha uma palavra nao legitima no conjunto.

Problema #298
Ha uma palavra nao legitima no conjunto.

Problema #299
A palavra nao e legitima.

Problema #300
Ha uma palavra nao legitima no conjunto.

Problema #301
Ha uma palavra nao legitima no conjunto.

Problema #302
A palavra nao e legitima.

Problema #303
A palavra nao e legitima.

Problema #304
Ha uma palavra nao legitima no conjunto.

Problema #305
A palavra nao e legitima.

Problema #306
Ha uma palavra nao legitima no conjunto.

Problema #307
Ha uma palavra nao legitima no conjunto.

Problema #308
A palavra nao e legitima.

Problema #309
Ha uma palavra nao legitima no conjunto.

Problema #310
Ha uma palavra nao legitima no conjunto.

Problema #311
Ha uma palavra nao legitima no conjunto.

Problema #312
A palavra nao e legitima.

Problema #313
Ha uma palavra nao legitima no conjunto.

Problema #314
A palavra nao e legitima.

Problema #315
Ha uma palavra nao legitima no conjunto.

Problema #316
A palavra nao e legitima.

Problema #317
A palavra nao e legitima.

Problema #318
A palavra nao e legitima.

Problema #319
Ha uma palavra nao legitima no conjunto.

Problema #320
A palavra nao e legitima.

Problema #321
Ha uma palavra nao legitima no conjunto.

Problema #322
Ha uma palavra nao legitima no conjunto.

Problema #323
A palavra nao e legitima.

Problema #324
Ha uma palavra nao legitima no conjunto.

Problema #325
A palavra nao e legitima.

Problema #326
Ha uma palavra nao legitima no conjunto.

Problema #327
Ha uma palavra nao legitima no conjunto.

Problema #328
A palavra nao e legitima.

Problema #329
Ha uma palavra nao legitima no conjunto.

Problema #330
A palavra nao e legitima.

Problema #331
Ha uma palavra nao legitima no conjunto.

Problema #332
Ha uma palavra nao legitima no conjunto.

Problema #333
Ha uma palavra nao legitima no conjunto.

Problema #334
A palavra nao e legitima.

Problema #335
A palavra nao e legitima.

Problema #336
A palavra nao e legitima.

Problema #337
Ha uma palavra nao legitima no conjunto.

Problema #338
Ha uma palavra nao legitima no conjunto.

Problema #339
A palavra nao e legitima.

Problema #340
Ha uma palavra nao legitima no conjunto.

Problema #341
A palavra nao e legitima.

Problema #342
A palavra nao e legitima.

Problema #343
A palavra nao e legitima.

Problema #344
A palavra nao e legitima.

Problema #345
A palavra nao e legitima.

Problema #346
A palavra nao e legitima.

Problema #347
A palavra nao e legitima.

Problema #348
A palavra nao e legitima.

Problema #349
A palavra nao e legitima.

Problema #350
Ha uma palavra nao legitima no conjunto.

Problema #351
A palavra nao e legitima.

Problema #352
A palavra nao e legitima.

Problema #353
A palavra nao e legitima.

Problema #354
Ha uma palavra nao legitima no conjunto.

Problema #355
Ha uma palavra nao legitima no conjunto.

Problema #356
Ha uma palavra nao legitima no conjunto.

Problema #357
Ha uma palavra nao legitima no conjunto.

Problema #358
A palavra nao e legitima.

Problema #359
A palavra nao e legitima.

Problema #360
A valoracao-verdade nao satisfaz a proposicao.

Problema #361
A palavra nao e legitima.

Problema #362
Ha uma palavra nao legitima no conjunto.

Problema #363
A palavra nao e legitima.

Problema #364
A palavra nao e legitima.

Problema #365
Ha uma palavra nao legitima no conjunto.

Problema #366
A palavra nao e legitima.

Problema #367
A palavra nao e legitima.

Problema #368
A palavra nao e legitima.

Problema #369
A palavra nao e legitima.

Problema #370
Ha uma palavra nao legitima no conjunto.

Problema #371
Ha uma palavra nao legitima no conjunto.

Problema #372
A palavra nao e legitima.

Problema #373
Ha uma palavra nao legitima no conjunto.

Problema #374
A palavra nao e legitima.

Problema #375
Ha uma palavra nao legitima no conjunto.

Problema #376
Ha uma palavra nao legitima no conjunto.

Problema #377
A palavra nao e legitima.

Problema #378
Ha uma palavra nao legitima no conjunto.

Problema #379
Ha uma palavra nao legitima no conjunto.

Problema #380
A palavra nao e legitima.

Problema #381
A palavra nao e legitima.

Problema #382
A palavra nao e legitima.

Problema #383
A palavra nao e legitima.

Problema #384
A palavra nao e legitima.

Problema #385
A palavra nao e legitima.

Problema #386
Ha uma palavra nao legitima no conjunto.

Problema #387
A palavra nao e legitima.

Problema #388
A palavra nao e legitima.

Problema #389
Ha uma palavra nao legitima no conjunto.

Problema #390
Ha uma palavra nao legitima no conjunto.

Problema #391
Ha uma palavra nao legitima no conjunto.

Problema #392
A valoracao-verdade nao satisfaz a proposicao.

Problema #393
Ha uma palavra nao legitima no conjunto.

Problema #394
A palavra nao e legitima.

Problema #395
Ha uma palavra nao legitima no conjunto.

Problema #396
Ha uma palavra nao legitima no conjunto.

Problema #397
A palavra nao e legitima.

Problema #398
A palavra nao e legitima.

Problema #399
Ha uma palavra nao legitima no conjunto.

Problema #400
A palavra nao e legitima.

Problema #401
Ha uma palavra nao legitima no conjunto.

Problema #402
Ha uma palavra nao legitima no conjunto.

Problema #403
A palavra nao e legitima.

Problema #404
Ha uma palavra nao legitima no conjunto.

Problema #405
Ha uma palavra nao legitima no conjunto.

Problema #406
A palavra nao e legitima.

Problema #407
Ha uma palavra nao legitima no conjunto.

Problema #408
A palavra nao e legitima.

Problema #409
Ha uma palavra nao legitima no conjunto.

Problema #410
A palavra nao e legitima.

Problema #411
A palavra nao e legitima.

Problema #412
A palavra nao e legitima.

Problema #413
A palavra nao e legitima.

Problema #414
A palavra nao e legitima.

Problema #415
A palavra nao e legitima.

Problema #416
A palavra nao e legitima.

Problema #417
Ha uma palavra nao legitima no conjunto.

Problema #418
Ha uma palavra nao legitima no conjunto.

Problema #419
A palavra nao e legitima.

Problema #420
Ha uma palavra nao legitima no conjunto.

Problema #421
A palavra nao e legitima.

Problema #422
A palavra nao e legitima.

Problema #423
A palavra nao e legitima.

Problema #424
A palavra nao e legitima.

Problema #425
A palavra nao e legitima.

Problema #426
Ha uma palavra nao legitima no conjunto.

Problema #427
Ha uma palavra nao legitima no conjunto.

Problema #428
Ha uma palavra nao legitima no conjunto.

Problema #429
A palavra nao e legitima.

Problema #430
A palavra nao e legitima.

Problema #431
A palavra nao e legitima.

Problema #432
Ha uma palavra nao legitima no conjunto.

Problema #433
A palavra nao e legitima.

Problema #434
Ha uma palavra nao legitima no conjunto.

Problema #435
A palavra nao e legitima.

Problema #436
Ha uma palavra nao legitima no conjunto.

Problema #437
A palavra nao e legitima.

Problema #438
A palavra nao e legitima.

Problema #439
A palavra nao e legitima.

Problema #440
Ha uma palavra nao legitima no conjunto.

Problema #441
Ha uma palavra nao legitima no conjunto.

Problema #442
A palavra nao e legitima.

Problema #443
A palavra nao e legitima.

Problema #444
Ha uma palavra nao legitima no conjunto.

Problema #445
Ha uma palavra nao legitima no conjunto.

Problema #446
A palavra nao e legitima.

Problema #447
A palavra nao e legitima.

Problema #448
A palavra nao e legitima.

Problema #449
Ha uma palavra nao legitima no conjunto.

Problema #450
A palavra nao e legitima.

Problema #451
Ha uma palavra nao legitima no conjunto.

Problema #452
A palavra nao e legitima.

Problema #453
Ha uma palavra nao legitima no conjunto.

Problema #454
Ha uma palavra nao legitima no conjunto.

Problema #455
Ha uma palavra nao legitima no conjunto.

Problema #456
A palavra nao e legitima.

Problema #457
A palavra nao e legitima.

Problema #458
A palavra nao e legitima.

Problema #459
Ha uma palavra nao legitima no conjunto.

Problema #460
Ha uma palavra nao legitima no conjunto.

Problema #461
Ha uma palavra nao legitima no conjunto.

Problema #462
Ha uma palavra nao legitima no conjunto.

Problema #463
A palavra nao e legitima.

Problema #464
Ha uma palavra nao legitima no conjunto.

Problema #465
A palavra nao e legitima.

Problema #466
Ha uma palavra nao legitima no conjunto.

Problema #467
Ha uma palavra nao legitima no conjunto.

Problema #468
A palavra nao e legitima.

Problema #469
A palavra nao e legitima.

Problema #470
A palavra nao e legitima.

Problema #471
A palavra nao e legitima.

Problema #472
A palavra nao e legitima.

Problema #473
A palavra nao e legitima.

Problema #474
Ha uma palavra nao legitima no conjunto.

Problema #475
A palavra nao e legitima.

Problema #476
A palavra nao e legitima.

Problema #477
A palavra nao e legitima.

Problema #478
Ha uma palavra nao legitima no conjunto.

Problema #479
Ha uma palavra nao legitima no conjunto.

Problema #480
Ha uma palavra nao legitima no conjunto.

Problema #481
Ha uma palavra nao legitima no conjunto.

Problema #482
A palavra nao e legitima.

Problema #483
Ha uma palavra nao legitima no conjunto.

Problema #484
A palavra nao e legitima.

Problema #485
A palavra nao e legitima.

Problema #486
A palavra nao e legitima.

Problema #487
Ha uma palavra nao legitima no conjunto.

Problema #488
Ha uma palavra nao legitima no conjunto.

Problema #489
A palavra nao e legitima.

Problema #490
A palavra nao e legitima.

Problema #491
Ha uma palavra nao legitima no conjunto.

Problema #492
Ha uma palavra nao legitima no conjunto.

Problema #493
A palavra nao e legitima.

Problema #494
A valoracao-verdade nao satisfaz a proposicao.

Problema #495
A palavra nao e legitima.

Problema #496
Ha uma palavra nao legitima no conjunto.

Problema #497
A palavra nao e legitima.

Problema #498
A palavra nao e legitima.

Problema #499
Ha uma palavra nao legitima no conjunto.

Problema #500
Ha uma palavra nao legitima no conjunto.

Problema #501
A palavra nao e legitima.

Problema #502
Ha uma palavra nao legitima no conjunto.

Problema #503
Ha uma palavra nao legitima no conjunto.

Problema #504
Ha uma palavra nao legitima no conjunto.

Problema #505
Ha uma palavra nao legitima no conjunto.

Problema #506
Ha uma palavra nao legitima no conjunto.

Problema #507
Ha uma palavra nao legitima no conjunto.

Problema #508
A palavra nao e legitima.

Problema #509
Ha uma palavra nao legitima no conjunto.

Problema #510
Ha uma palavra nao legitima no conjunto.

Problema #511
A palavra nao e legitima.

Problema #512
Ha uma palavra nao legitima no conjunto.

Problema #513
A palavra nao e legitima.

Problema #514
A palavra nao e legitima.

Problema #515
A palavra nao e legitima.

Problema #516
A palavra nao e legitima.

Problema #517
Ha uma palavra nao legitima no conjunto.

Problema #518
Ha uma palavra nao legitima no conjunto.

Problema #519
Ha uma palavra nao legitima no conjunto.

Problema #520
Ha uma palavra nao legitima no conjunto.

Problema #521
A palavra nao e legitima.

Problema #522
A palavra nao e legitima.

Problema #523
A palavra nao e legitima.

Problema #524
A palavra nao e legitima.

Problema #525
A palavra nao e legitima.

Problema #526
A palavra nao e legitima.

Problema #527
Ha uma palavra nao legitima no conjunto.

Problema #528
A palavra nao e legitima.

Problema #529
Ha uma palavra nao legitima no conjunto.

Problema #530
Ha uma palavra nao legitima no conjunto.

Problema #531
A palavra nao e legitima.

Problema #532
Ha uma palavra nao legitima no conjunto.

Problema #533
Ha uma palavra nao legitima no conjunto.

Problema #534
A palavra nao e legitima.

Problema #535
A palavra nao e legitima.

Problema #536
A palavra nao e legitima.

Problema #537
A palavra nao e legitima.

Problema #538
A palavra nao e legitima.

Problema #539
Ha uma palavra nao legitima no conjunto.

Problema #540
A palavra nao e legitima.

Problema #541
Ha uma palavra nao legitima no conjunto.

Problema #542
A palavra nao e legitima.

Problema #543
Ha uma palavra nao legitima no conjunto.

Problema #544
Ha uma palavra nao legitima no conjunto.

Problema #545
A palavra nao e legitima.

Problema #546
A palavra nao e legitima.

Problema #547
A palavra nao e legitima.

Problema #548
A palavra nao e legitima.

Problema #549
Ha uma palavra nao legitima no conjunto.

Problema #550
Ha uma palavra nao legitima no conjunto.

Problema #551
A palavra nao e legitima.

Problema #552
Ha uma palavra nao legitima no conjunto.

Problema #553
A palavra nao e legitima.

Problema #554
A palavra nao e legitima.

Problema #555
A palavra nao e legitima.

Problema #556
Ha uma palavra nao legitima no conjunto.

Problema #557
A palavra nao e legitima.

Problema #558
A palavra nao e legitima.

Problema #559
A valoracao-verdade satisfaz a proposicao.

Problema #560
A palavra nao e legitima.

Problema #561
A palavra nao e legitima.

Problema #562
A palavra nao e legitima.

Problema #563
A palavra nao e legitima.

Problema #564
A palavra nao e legitima.

Problema #565
A palavra nao e legitima.

Problema #566
Ha uma palavra nao legitima no conjunto.

Problema #567
A palavra nao e legitima.

Problema #568
A palavra nao e legitima.

Problema #569
Ha uma palavra nao legitima no conjunto.

Problema #570
Ha uma palavra nao legitima no conjunto.

Problema #571
Ha uma palavra nao legitima no conjunto.

Problema #572
Ha uma palavra nao legitima no conjunto.

Problema #573
A palavra nao e legitima.

Problema #574
A palavra nao e legitima.

Problema #575
A palavra nao e legitima.

Problema #576
A palavra nao e legitima.

Problema #577
A palavra nao e legitima.

Problema #578
A palavra nao e legitima.

Problema #579
A palavra nao e legitima.

Problema #580
A palavra nao e legitima.

Problema #581
A palavra nao e legitima.

Problema #582
A palavra nao e legitima.

Problema #583
A palavra nao e legitima.

Problema #584
A palavra nao e legitima.

Problema #585
A palavra nao e legitima.

Problema #586
Ha uma palavra nao legitima no conjunto.

Problema #587
Ha uma palavra nao legitima no conjunto.

Problema #588
Ha uma palavra nao legitima no conjunto.

Problema #589
Ha uma palavra nao legitima no conjunto.

Problema #590
Ha uma palavra nao legitima no conjunto.

Problema #591
A palavra nao e legitima.

Problema #592
Ha uma palavra nao legitima no conjunto.

Problema #593
Ha uma palavra nao legitima no conjunto.

Problema #594
A palavra nao e legitima.

Problema #595
A palavra nao e legitima.

Problema #596
Ha uma palavra nao legitima no conjunto.

Problema #597
A palavra nao e legitima.

Problema #598
A palavra nao e legitima.

Problema #599
Ha uma palavra nao legitima no conjunto.

Problema #600
Ha uma palavra nao legitima no conjunto.

Problema #601
Ha uma palavra nao legitima no conjunto.

Problema #602
A palavra nao e legitima.

Problema #603
A palavra nao e legitima.

Problema #604
Ha uma palavra nao legitima no conjunto.

Problema #605
Ha uma palavra nao legitima no conjunto.

Problema #606
Ha uma palavra nao legitima no conjunto.

Problema #607
Ha uma palavra nao legitima no conjunto.

Problema #608
A palavra nao e legitima.

Problema #609
A palavra nao e legitima.

Problema #610
Ha uma palavra nao legitima no conjunto.

Problema #611
A palavra nao e legitima.

Problema #612
A palavra nao e legitima.

Problema #613
Ha uma palavra nao legitima no conjunto.

Problema #614
Ha uma palavra nao legitima no conjunto.

Problema #615
A palavra nao e legitima.

Problema #616
A palavra nao e legitima.

Problema #617
A palavra nao e legitima.

Problema #618
Ha uma palavra nao legitima no conjunto.

Problema #619
A palavra nao e legitima.

Problema #620
Ha uma palavra nao legitima no conjunto.

Problema #621
A palavra nao e legitima.

Problema #622
Ha uma palavra nao legitima no conjunto.

Problema #623
A palavra nao e legitima.

Problema #624
Ha uma palavra nao legitima no conjunto.

Problema #625
A palavra nao e legitima.

Problema #626
A palavra nao e legitima.

Problema #627
Ha uma palavra nao legitima no conjunto.

Problema #628
Ha uma palavra nao legitima no conjunto.

Problema #629
A palavra nao e legitima.

Problema #630
Ha uma palavra nao legitima no conjunto.

Problema #631
Ha uma palavra nao legitima no conjunto.

Problema #632
Ha uma palavra nao legitima no conjunto.

Problema #633
A palavra nao e legitima.

Problema #634
Ha uma palavra nao legitima no conjunto.

Problema #635
A palavra nao e legitima.

Problema #636
Ha uma palavra nao legitima no conjunto.

Problema #637
A palavra nao e legitima.

Problema #638
A palavra nao e legitima.

Problema #639
A palavra nao e legitima.

Problema #640
A palavra nao e legitima.

Problema #641
Ha uma palavra nao legitima no conjunto.

Problema #642
A palavra nao e legitima.

Problema #643
A palavra nao e legitima.

Problema #644
Ha uma palavra nao legitima no conjunto.

Problema #645
A palavra nao e legitima.

Problema #646
A palavra nao e legitima.

Problema #647
A palavra nao e legitima.

Problema #648
Ha uma palavra nao legitima no conjunto.

Problema #649
Ha uma palavra nao legitima no conjunto.

Problema #650
A palavra nao e legitima.

Problema #651
Ha uma palavra nao legitima no conjunto.

Problema #652
A palavra nao e legitima.

Problema #653
A palavra nao e legitima.

Problema #654
Ha uma palavra nao legitima no conjunto.

Problema #655
A palavra nao e legitima.

Problema #656
Ha uma palavra nao legitima no conjunto.

Problema #657
A palavra nao e legitima.

Problema #658
A palavra nao e legitima.

Problema #659
Ha uma palavra nao legitima no conjunto.

Problema #660
A palavra nao e legitima.

Problema #661
Ha uma palavra nao legitima no conjunto.

Problema #662
A palavra nao e legitima.

Problema #663
Ha uma palavra nao legitima no conjunto.

Problema #664
Ha uma palavra nao legitima no conjunto.

Problema #665
A palavra nao e legitima.

Problema #666
Ha uma palavra nao legitima no conjunto.

Problema #667
Ha uma palavra nao legitima no conjunto.

Problema #668
A palavra nao e legitima.

Problema #669
A palavra nao e legitima.

Problema #670
A palavra nao e legitima.

Problema #671
A palavra nao e legitima.

Problema #672
A valoracao-verdade satisfaz o conjunto.

Problema #673
Ha uma palavra nao legitima no conjunto.

Problema #674
Ha uma palavra nao legitima no conjunto.

Problema #675
A palavra nao e legitima.

Problema #676
Ha uma palavra nao legitima no conjunto.

Problema #677
A palavra nao e legitima.

Problema #678
A palavra nao e legitima.

Problema #679
Ha uma palavra nao legitima no conjunto.

Problema #680
A palavra nao e legitima.

Problema #681
A palavra nao e legitima.

Problema #682
A palavra nao e legitima.

Problema #683
Ha uma palavra nao legitima no conjunto.

Problema #684
A palavra nao e legitima.

Problema #685
A palavra nao e legitima.

Problema #686
Ha uma palavra nao legitima no conjunto.

Problema #687
A palavra nao e legitima.

Problema #688
Ha uma palavra nao legitima no conjunto.

Problema #689
A palavra nao e legitima.

Problema #690
A palavra nao e legitima.

Problema #691
Ha uma palavra nao legitima no conjunto.

Problema #692
Ha uma palavra nao legitima no conjunto.

Problema #693
Ha uma palavra nao legitima no conjunto.

Problema #694
A palavra nao e legitima.

Problema #695
Ha uma palavra nao legitima no conjunto.

Problema #696
A palavra nao e legitima.

Problema #697
A palavra nao e legitima.

Problema #698
A palavra nao e legitima.

Problema #699
A palavra nao e legitima.

Problema #700
Ha uma palavra nao legitima no conjunto.

Problema #701
A palavra nao e legitima.

Problema #702
A palavra nao e legitima.

Problema #703
A palavra nao e legitima.

Problema #704
Ha uma palavra nao legitima no conjunto.

Problema #705
Ha uma palavra nao legitima no conjunto.

Problema #706
Ha uma palavra nao legitima no conjunto.

Problema #707
A palavra nao e legitima.

Problema #708
Ha uma palavra nao legitima no conjunto.

Problema #709
A palavra nao e legitima.

Problema #710
Ha uma palavra nao legitima no conjunto.

Problema #711
A palavra nao e legitima.

Problema #712
Ha uma palavra nao legitima no conjunto.

Problema #713
Ha uma palavra nao legitima no conjunto.

Problema #714
A palavra nao e legitima.

Problema #715
A palavra nao e legitima.

Problema #716
A palavra nao e legitima.

Problema #717
A valoracao-verdade nao satisfaz a proposicao.

Problema #718
A palavra nao e legitima.

Problema #719
Ha uma palavra nao legitima no conjunto.

Problema #720
Ha uma palavra nao legitima no conjunto.

Problema #721
A palavra nao e legitima.

Problema #722
Ha uma palavra nao legitima no conjunto.

Problema #723
A palavra nao e legitima.

Problema #724
A palavra nao e legitima.

Problema #725
A palavra nao e legitima.

Problema #726
A palavra nao e legitima.

Problema #727
Ha uma palavra nao legitima no conjunto.

Problema #728
A palavra nao e legitima.

Problema #729
Ha uma palavra nao legitima no conjunto.

Problema #730
A palavra nao e legitima.

Problema #731
A palavra nao e legitima.

Problema #732
A palavra nao e legitima.

Problema #733
A palavra nao e legitima.

Problema #734
Ha uma palavra nao legitima no conjunto.

Problema #735
A palavra nao e legitima.

Problema #736
A palavra nao e legitima.

Problema #737
A palavra nao e legitima.

Problema #738
Ha uma palavra nao legitima no conjunto.

Problema #739
A palavra nao e legitima.

Problema #740
Ha uma palavra nao legitima no conjunto.

Problema #741
A palavra nao e legitima.

Problema #742
A palavra nao e legitima.

Problema #743
Ha uma palavra nao legitima no conjunto.

Problema #744
A palavra nao e legitima.

Problema #745
A palavra nao e legitima.

Problema #746
A palavra nao e legitima.

Problema #747
A palavra nao e legitima.

Problema #748
Ha uma palavra nao legitima no conjunto.

Problema #749
A palavra nao e legitima.

Problema #750
Ha uma palavra nao legitima no conjunto.

Problema #751
A palavra nao e legitima.

Problema #752
A palavra nao e legitima.

Problema #753
A palavra nao e legitima.

Problema #754
Ha uma palavra nao legitima no conjunto.

Problema #755
Ha uma palavra nao legitima no conjunto.

Problema #756
Ha uma palavra nao legitima no conjunto.

Problema #757
A palavra nao e legitima.

Problema #758
A palavra nao e legitima.

Problema #759
A palavra nao e legitima.

Problema #760
A palavra nao e legitima.

Problema #761
Ha uma palavra nao legitima no conjunto.

Problema #762
A palavra nao e legitima.

Problema #763
A palavra nao e legitima.

Problema #764
Ha uma palavra nao legitima no conjunto.

Problema #765
Ha uma palavra nao legitima no conjunto.

Problema #766
A palavra nao e legitima.

Problema #767
A palavra nao e legitima.

Problema #768
Ha uma palavra nao legitima no conjunto.

Problema #769
Ha uma palavra nao legitima no conjunto.

Problema #770
A palavra nao e legitima.

Problema #771
A palavra nao e legitima.

Problema #772
A palavra nao e legitima.

Problema #773
A palavra nao e legitima.

Problema #774
A palavra nao e legitima.

Problema #775
Ha uma palavra nao legitima no conjunto.

Problema #776
Ha uma palavra nao legitima no conjunto.

Problema #777
Ha uma palavra nao legitima no conjunto.

Problema #778
A palavra nao e legitima.

Problema #779
A palavra nao e legitima.

Problema #780
A palavra nao e legitima.

Problema #781
A palavra nao e legitima.

Problema #782
A palavra nao e legitima.

Problema #783
Ha uma palavra nao legitima no conjunto.

Problema #784
A palavra nao e legitima.

Problema #785
Ha uma palavra nao legitima no conjunto.

Problema #786
A palavra nao e legitima.

Problema #787
Ha uma palavra nao legitima no conjunto.

Problema #788
Ha uma palavra nao legitima no conjunto.

Problema #789
Ha uma palavra nao legitima no conjunto.

Problema #790
Ha uma palavra nao legitima no conjunto.

Problema #791
Ha uma palavra nao legitima no conjunto.

Problema #792
Ha uma palavra nao legitima no conjunto.

Problema #793
A palavra nao e legitima.

Problema #794
A palavra nao e legitima.

Problema #795
Ha uma palavra nao legitima no conjunto.

Problema #796
A palavra nao e legitima.

Problema #797
Ha uma palavra nao legitima no conjunto.

Problema #798
A palavra nao e legitima.

Problema #799
A palavra nao e legitima.

Problema #800
Ha uma palavra nao legitima no conjunto.

Problema #801
A palavra nao e legitima.

Problema #802
Ha uma palavra nao legitima no conjunto.

Problema #803
Ha uma palavra nao legitima no conjunto.

Problema #804
Ha uma palavra nao legitima no conjunto.

Problema #805
Ha uma palavra nao legitima no conjunto.

Problema #806
Ha uma palavra nao legitima no conjunto.

Problema #807
A palavra nao e legitima.

Problema #808
A palavra nao e legitima.

Problema #809
Ha uma palavra nao legitima no conjunto.

Problema #810
Ha uma palavra nao legitima no conjunto.

Problema #811
A palavra nao e legitima.

Problema #812
Ha uma palavra nao legitima no conjunto.

Problema #813
A palavra nao e legitima.

Problema #814
A palavra nao e legitima.

Problema #815
Ha uma palavra nao legitima no conjunto.

Problema #816
Ha uma palavra nao legitima no conjunto.

Problema #817
A palavra nao e legitima.

Problema #818
Ha uma palavra nao legitima no conjunto.

Problema #819
A palavra nao e legitima.

Problema #820
A palavra nao e legitima.

Problema #821
Ha uma palavra nao legitima no conjunto.

Problema #822
Ha uma palavra nao legitima no conjunto.

Problema #823
Ha uma palavra nao legitima no conjunto.

Problema #824
A palavra nao e legitima.

Problema #825
A palavra nao e legitima.

Problema #826
Ha uma palavra nao legitima no conjunto.

Problema #827
A valoracao-verdade nao satisfaz a proposicao.

Problema #828
Ha uma palavra nao legitima no conjunto.

Problema #829
A palavra nao e legitima.

Problema #830
A palavra nao e legitima.

Problema #831
Ha uma palavra nao legitima no conjunto.

Problema #832
A palavra nao e legitima.

Problema #833
A palavra nao e legitima.

Problema #834
A palavra nao e legitima.

Problema #835
Ha uma palavra nao legitima no conjunto.

Problema #836
Ha uma palavra nao legitima no conjunto.

Problema #837
Ha uma palavra nao legitima no conjunto.

Problema #838
Ha uma palavra nao legitima no conjunto.

Problema #839
Ha uma palavra nao legitima no conjunto.

Problema #840
Ha uma palavra nao legitima no conjunto.

Problema #841
A palavra nao e legitima.

Problema #842
Ha uma palavra nao legitima no conjunto.

Problema #843
A palavra nao e legitima.

Problema #844
Ha uma palavra nao legitima no conjunto.

Problema #845
Ha uma palavra nao legitima no conjunto.

Problema #846
A palavra nao e legitima.

Problema #847
A palavra nao e legitima.

Problema #848
A palavra nao e legitima.

Problema #849
A palavra nao e legitima.

Problema #850
Ha uma palavra nao legitima no conjunto.

Problema #851
A palavra nao e legitima.

Problema #852
Ha uma palavra nao legitima no conjunto.

Problema #853
A palavra nao e legitima.

Problema #854
A palavra nao e legitima.

Problema #855
Ha uma palavra nao legitima no conjunto.

Problema #856
Ha uma palavra nao legitima no conjunto.

Problema #857
A palavra nao e legitima.

Problema #858
Ha uma palavra nao legitima no conjunto.

Problema #859
Ha uma palavra nao legitima no conjunto.

Problema #860
Ha uma palavra nao legitima no conjunto.

Problema #861
Ha uma palavra nao legitima no conjunto.

Problema #862
A palavra nao e legitima.

Problema #863
A palavra nao e legitima.

Problema #864
A palavra nao e legitima.

Problema #865
Ha uma palavra nao legitima no conjunto.

Problema #866
A palavra nao e legitima.

Problema #867
A palavra nao e legitima.

Problema #868
Ha uma palavra nao legitima no conjunto.

Problema #869
A palavra nao e legitima.

Problema #870
Ha uma palavra nao legitima no conjunto.

Problema #871
A palavra nao e legitima.

Problema #872
A palavra nao e legitima.

Problema #873
Ha uma palavra nao legitima no conjunto.

Problema #874
A palavra nao e legitima.

Problema #875
A valoracao-verdade nao satisfaz a proposicao.

Problema #876
Ha uma palavra nao legitima no conjunto.

Problema #877
A palavra nao e legitima.

Problema #878
A palavra nao e legitima.

Problema #879
Ha uma palavra nao legitima no conjunto.

Problema #880
Ha uma palavra nao legitima no conjunto.

Problema #881
Ha uma palavra nao legitima no conjunto.

Problema #882
Ha uma palavra nao legitima no conjunto.

Problema #883
Ha uma palavra nao legitima no conjunto.

Problema #884
Ha uma palavra nao legitima no conjunto.

Problema #885
Ha uma palavra nao legitima no conjunto.

Problema #886
A palavra nao e legitima.

Problema #887
A palavra nao e legitima.

Problema #888
A palavra nao e legitima.

Problema #889
Ha uma palavra nao legitima no conjunto.

Problema #890
A palavra nao e legitima.

Problema #891
A palavra nao e legitima.

Problema #892
A palavra nao e legitima.

Problema #893
Ha uma palavra nao legitima no conjunto.

Problema #894
A palavra nao e legitima.

Problema #895
Ha uma palavra nao legitima no conjunto.

Problema #896
A palavra nao e legitima.

Problema #897
Ha uma palavra nao legitima no conjunto.

Problema #898
Ha uma palavra nao legitima no conjunto.

Problema #899
Ha uma palavra nao legitima no conjunto.

Problema #900
Ha uma palavra nao legitima no conjunto.

Problema #901
A palavra nao e legitima.

Problema #902
A palavra nao e legitima.

Problema #903
A palavra nao e legitima.

Problema #904
A palavra nao e legitima.

Problema #905
A palavra nao e legitima.

Problema #906
A palavra nao e legitima.

Problema #907
Ha uma palavra nao legitima no conjunto.

Problema #908
Ha uma palavra nao legitima no conjunto.

Problema #909
A palavra nao e legitima.

Problema #910
Ha uma palavra nao legitima no conjunto.

Problema #911
Ha uma palavra nao legitima no conjunto.

Problema #912
Ha uma palavra nao legitima no conjunto.

Problema #913
A palavra nao e legitima.

Problema #914
A palavra nao e legitima.

Problema #915
Ha uma palavra nao legitima no conjunto.

Problema #916
Ha uma palavra nao legitima no conjunto.

Problema #917
Ha uma palavra nao legitima no conjunto.

Problema #918
A palavra nao e legitima.

Problema #919
Ha uma palavra nao legitima no conjunto.

Problema #920
Ha uma palavra nao legitima no conjunto.

Problema #921
A palavra nao e legitima.

Problema #922
A palavra nao e legitima.

Problema #923
A palavra nao e legitima.

Problema #924
Ha uma palavra nao legitima no conjunto.

Problema #925
A palavra nao e legitima.

Problema #926
A palavra nao e legitima.

Problema #927
A palavra nao e legitima.

Problema #928
A palavra nao e legitima.

Problema #929
Ha uma palavra nao legitima no conjunto.

Problema #930
A palavra nao e legitima.

Problema #931
A palavra nao e legitima.

Problema #932
Ha uma palavra nao legitima no conjunto.

Problema #933
Ha uma palavra nao legitima no conjunto.

Problema #934
Ha uma palavra nao legitima no conjunto.

Problema #935
Ha uma palavra nao legitima no conjunto.

Problema #936
A palavra nao e legitima.

Problema #937
A palavra nao e legitima.

Problema #938
A palavra nao e legitima.

Problema #939
Ha uma palavra nao legitima no conjunto.

Problema #940
A palavra nao e legitima.

Problema #941
Ha uma palavra nao legitima no conjunto.

Problema #942
A palavra nao e legitima.

Problema #943
A palavra nao e legitima.

Problema #944
A palavra nao e legitima.

Problema #945
A palavra nao e legitima.

Problema #946
A palavra nao e legitima.

Problema #947
Ha uma palavra nao legitima no conjunto.

Problema #948
Ha uma palavra nao legitima no conjunto.

Problema #949
Ha uma palavra nao legitima no conjunto.

Problema #950
A palavra nao e legitima.

Problema #951
A palavra nao e legitima.

Problema #952
A palavra nao e legitima.

Problema #953
A palavra nao e legitima.

Problema #954
A palavra nao e legitima.

Problema #955
Ha uma palavra nao legitima no conjunto.

Problema #956
A palavra nao e legitima.

Problema #957
A palavra nao e legitima.

Problema #958
A palavra nao e legitima.

Problema #959
Ha uma palavra nao legitima no conjunto.

Problema #960
A palavra nao e legitima.

Problema #961
A palavra nao e legitima.

Problema #962
Ha uma palavra nao legitima no conjunto.

Problema #963
A palavra nao e legitima.

Problema #964
Ha uma palavra nao legitima no conjunto.

Problema #965
Ha uma palavra nao legitima no conjunto.

Problema #966
A palavra nao e legitima.

Problema #967
Ha uma palavra nao legitima no conjunto.

Problema #968
Ha uma palavra nao legitima no conjunto.

Problema #969
Ha uma palavra nao legitima no conjunto.

Problema #970
Ha uma palavra nao legitima no conjunto.

Problema #971
Ha uma palavra nao legitima no conjunto.

Problema #972
Ha uma palavra nao legitima no conjunto.

Problema #973
A palavra nao e legitima.

Problema #974
A palavra nao e legitima.

Problema #975
A palavra nao e legitima.

Problema #976
A palavra nao e legitima.

Problema #977
A palavra nao e legitima.

Problema #978
A palavra nao e legitima.

Problema #979
A palavra nao e legitima.

Problema #980
A palavra nao e legitima.

Problema #981
A palavra nao e legitima.

Problema #982
Ha uma palavra nao legitima no conjunto.

Problema #983
Ha uma palavra nao legitima no conjunto.

Problema #984
A palavra nao e legitima.

Problema #985
A palavra nao e legitima.

Problema #986
Ha uma palavra nao legitima no conjunto.

Problema #987
A valoracao-verdade satisfaz a proposicao.

Problema #988
A palavra nao e legitima.

Problema #989
Ha uma palavra nao legitima no conjunto.

Problema #990
Ha uma palavra nao legitima no conjunto.

Problema #991
A palavra nao e legitima.

Problema #992
Ha uma palavra nao legitima no conjunto.

Problema #993
A palavra nao e legitima.

Problema #994
A palavra nao e legitima.

Problema #995
Ha uma palavra nao legitima no conjunto.

Problema #996
A palavra nao e legitima.

Problema #997
Ha uma palavra nao legitima no conjunto.

Problema #998
A palavra nao e legitima.

Problema #999
Ha uma palavra nao legitima no conjunto.

Problema #1000
A palavra nao e legitima.
